2023-03-14 14:26:48,745 - aggregator - INFO - Set the version write out to marl_test
2023-03-14 14:26:48,746 - aggregator - INFO - Start: 2015-01-01T00:00:00; End: 2015-01-01T02:00:00; Number of hours: 2
2023-03-14 14:26:49,001 - aggregator - INFO - Made it to Aggregator Run
2023-03-14 14:26:49,006 - aggregator - INFO - Flushing Redis
2023-03-14 14:26:55,743 - aggregator - INFO - Homes looking ok!
2023-03-14 14:26:55,751 - aggregator - INFO - Starting aioredis listener...
2023-03-14 14:26:56,213 - aggregator - INFO - Aggregator initialized MPC player Ryan-HPN1D
2023-03-14 14:26:56,368 - aggregator - INFO - Aggregator initialized MPC player Katherine-U1GN4
2023-03-14 14:26:56,524 - aggregator - INFO - Aggregator initialized MPC player Evelyn-NYYEI
2023-03-14 14:26:56,680 - aggregator - INFO - Aggregator initialized MPC player Robin-NB089
2023-03-14 14:26:56,836 - aggregator - INFO - Aggregator initialized MPC player Arron-5TSDV
2023-03-14 14:26:56,991 - aggregator - INFO - Aggregator initialized MPC player Marquerite-EPELW
2023-03-14 14:26:57,148 - aggregator - INFO - Aggregator initialized MPC player Nadine-D73XI
2023-03-14 14:26:57,302 - aggregator - INFO - Aggregator initialized MPC player Edward-HUHS3
2023-03-14 14:26:57,458 - aggregator - INFO - Aggregator initialized MPC player Glenda-VUXFP
2023-03-14 14:26:57,862 - aggregator - INFO - Player 1/1 updated demand at t=1.
2023-03-14 14:27:00,317 - aggregator - INFO - At time t=0 aggregate load is 2.37 kW.
2023-03-14 14:27:00,519 - aggregator - INFO - Player 1/1 updated demand at t=2.
2023-03-14 14:27:02,078 - aggregator - INFO - At time t=1 aggregate load is 2.37 kW.
2023-03-14 14:27:02,281 - aggregator - INFO - Player 1/1 updated demand at t=3.
2023-03-14 14:27:03,856 - aggregator - INFO - At time t=2 aggregate load is 1.54 kW.
2023-03-14 14:27:04,058 - aggregator - INFO - Player 1/1 updated demand at t=4.
2023-03-14 14:27:05,636 - aggregator - INFO - At time t=3 aggregate load is 1.54 kW.
2023-03-14 14:27:05,839 - aggregator - INFO - Horizon: 1; Num Hours Simulated: 2; Run time: 16.838411 seconds
2023-03-16 19:34:42,292 - aggregator - INFO - Set the version write out to marl_test
2023-03-16 19:34:42,294 - aggregator - INFO - Start: 2015-01-01T00:00:00; End: 2015-01-01T02:00:00; Number of hours: 2
2023-03-16 19:34:42,558 - aggregator - INFO - Made it to Aggregator Run
2023-03-16 19:34:42,570 - aggregator - INFO - Flushing Redis
2023-03-16 19:34:49,297 - aggregator - INFO - Homes looking ok!
2023-03-16 19:34:49,307 - aggregator - INFO - Starting aioredis listener...
2023-03-16 19:34:49,800 - aggregator - INFO - Aggregator initialized MPC player Ryan-HPN1D
2023-03-16 19:34:49,986 - aggregator - INFO - Aggregator initialized MPC player Katherine-U1GN4
2023-03-16 19:34:50,169 - aggregator - INFO - Aggregator initialized MPC player Evelyn-NYYEI
2023-03-16 19:34:50,350 - aggregator - INFO - Aggregator initialized MPC player Robin-NB089
2023-03-16 19:34:50,536 - aggregator - INFO - Aggregator initialized MPC player Arron-5TSDV
2023-03-16 19:34:50,722 - aggregator - INFO - Aggregator initialized MPC player Marquerite-EPELW
2023-03-16 19:34:50,909 - aggregator - INFO - Aggregator initialized MPC player Nadine-D73XI
2023-03-16 19:34:51,092 - aggregator - INFO - Aggregator initialized MPC player Edward-HUHS3
2023-03-16 19:34:51,280 - aggregator - INFO - Aggregator initialized MPC player Glenda-VUXFP
2023-03-16 19:34:51,785 - aggregator - INFO - Player 1/1 updated demand at t=1.
2023-03-16 19:34:54,485 - aggregator - INFO - At time t=0 aggregate load is 2.37 kW.
2023-03-16 19:34:54,789 - aggregator - INFO - Player 1/1 updated demand at t=2.
2023-03-16 19:34:56,371 - aggregator - INFO - At time t=1 aggregate load is 2.37 kW.
2023-03-16 19:34:56,573 - aggregator - INFO - Player 1/1 updated demand at t=3.
2023-03-16 19:34:58,153 - aggregator - INFO - At time t=2 aggregate load is 1.54 kW.
2023-03-16 19:34:58,355 - aggregator - INFO - Player 1/1 updated demand at t=4.
2023-03-16 19:34:59,926 - aggregator - INFO - At time t=3 aggregate load is 1.54 kW.
2023-03-16 19:35:00,129 - aggregator - INFO - Horizon: 1; Num Hours Simulated: 2; Run time: 17.571513 seconds
2023-03-27 21:12:52,780 - aggregator - INFO - Set the version write out to marl_test
2023-03-27 21:12:52,781 - aggregator - INFO - Start: 2015-01-01T00:00:00; End: 2015-01-01T02:00:00; Number of hours: 2
2023-03-27 21:12:53,022 - aggregator - INFO - Made it to Aggregator Run
2023-03-27 21:12:53,034 - aggregator - INFO - Flushing Redis
2023-03-27 21:12:59,448 - aggregator - INFO - Homes looking ok!
2023-03-27 21:12:59,458 - aggregator - INFO - Starting aioredis listener...
2023-03-27 21:39:41,758 - aggregator - INFO - Set the version write out to marl_test
2023-03-27 21:39:41,760 - aggregator - INFO - Start: 2015-01-01T00:00:00; End: 2015-01-01T02:00:00; Number of hours: 2
2023-03-27 21:39:42,022 - aggregator - INFO - Made it to Aggregator Run
2023-03-27 21:39:42,031 - aggregator - INFO - Flushing Redis
2023-03-27 21:39:48,803 - aggregator - INFO - Homes looking ok!
2023-03-27 21:39:48,814 - aggregator - INFO - Starting aioredis listener...
2023-03-27 21:39:49,307 - aggregator - INFO - Aggregator initialized MPC player Ryan-HPN1D
2023-03-27 21:39:49,494 - aggregator - INFO - Aggregator initialized MPC player Katherine-U1GN4
2023-03-27 21:39:49,680 - aggregator - INFO - Aggregator initialized MPC player Evelyn-NYYEI
2023-03-27 21:39:49,867 - aggregator - INFO - Aggregator initialized MPC player Robin-NB089
2023-03-27 21:39:50,055 - aggregator - INFO - Aggregator initialized MPC player Arron-5TSDV
2023-03-27 21:39:50,242 - aggregator - INFO - Aggregator initialized MPC player Marquerite-EPELW
2023-03-27 21:39:50,433 - aggregator - INFO - Aggregator initialized MPC player Nadine-D73XI
2023-03-27 21:39:50,608 - aggregator - INFO - Aggregator initialized MPC player Edward-HUHS3
2023-03-27 21:39:50,789 - aggregator - INFO - Aggregator initialized MPC player Glenda-VUXFP
2023-03-27 21:41:59,007 - aggregator - INFO - Set the version write out to marl_test
2023-03-27 21:41:59,008 - aggregator - INFO - Start: 2015-01-01T00:00:00; End: 2015-01-01T02:00:00; Number of hours: 2
2023-03-27 21:41:59,247 - aggregator - INFO - Made it to Aggregator Run
2023-03-27 21:41:59,257 - aggregator - INFO - Flushing Redis
2023-03-27 21:42:06,235 - aggregator - INFO - Homes looking ok!
2023-03-27 21:42:06,243 - aggregator - INFO - Starting aioredis listener...
2023-03-27 21:42:06,734 - aggregator - INFO - Aggregator initialized MPC player Ryan-HPN1D
2023-03-27 21:42:06,918 - aggregator - INFO - Aggregator initialized MPC player Katherine-U1GN4
2023-03-27 21:42:07,103 - aggregator - INFO - Aggregator initialized MPC player Evelyn-NYYEI
2023-03-27 21:42:07,287 - aggregator - INFO - Aggregator initialized MPC player Robin-NB089
2023-03-27 21:42:07,472 - aggregator - INFO - Aggregator initialized MPC player Arron-5TSDV
2023-03-27 21:42:07,650 - aggregator - INFO - Aggregator initialized MPC player Marquerite-EPELW
2023-03-27 21:42:07,839 - aggregator - INFO - Aggregator initialized MPC player Nadine-D73XI
2023-03-27 21:42:08,026 - aggregator - INFO - Aggregator initialized MPC player Edward-HUHS3
2023-03-27 21:42:08,213 - aggregator - INFO - Aggregator initialized MPC player Glenda-VUXFP
2023-03-27 21:43:09,772 - aggregator - INFO - Set the version write out to marl_test
2023-03-27 21:43:09,773 - aggregator - INFO - Start: 2015-01-01T00:00:00; End: 2015-01-01T02:00:00; Number of hours: 2
2023-03-27 21:43:10,019 - aggregator - INFO - Made it to Aggregator Run
2023-03-27 21:43:10,026 - aggregator - INFO - Flushing Redis
2023-03-27 21:43:16,750 - aggregator - INFO - Homes looking ok!
2023-03-27 21:43:16,758 - aggregator - INFO - Starting aioredis listener...
2023-03-27 21:43:17,252 - aggregator - INFO - Aggregator initialized MPC player Ryan-HPN1D
2023-03-27 21:43:17,442 - aggregator - INFO - Aggregator initialized MPC player Katherine-U1GN4
2023-03-27 21:43:17,630 - aggregator - INFO - Aggregator initialized MPC player Evelyn-NYYEI
2023-03-27 21:43:17,818 - aggregator - INFO - Aggregator initialized MPC player Robin-NB089
2023-03-27 21:43:18,003 - aggregator - INFO - Aggregator initialized MPC player Arron-5TSDV
2023-03-27 21:43:18,191 - aggregator - INFO - Aggregator initialized MPC player Marquerite-EPELW
2023-03-27 21:43:18,381 - aggregator - INFO - Aggregator initialized MPC player Nadine-D73XI
2023-03-27 21:43:18,553 - aggregator - INFO - Aggregator initialized MPC player Edward-HUHS3
2023-03-27 21:43:18,740 - aggregator - INFO - Aggregator initialized MPC player Glenda-VUXFP
2023-03-27 21:46:00,421 - aggregator - INFO - Set the version write out to marl_test
2023-03-27 21:46:00,422 - aggregator - INFO - Start: 2015-01-01T00:00:00; End: 2015-01-01T02:00:00; Number of hours: 2
2023-03-27 21:46:00,664 - aggregator - INFO - Made it to Aggregator Run
2023-03-27 21:46:00,671 - aggregator - INFO - Flushing Redis
2023-03-27 21:46:07,433 - aggregator - INFO - Homes looking ok!
2023-03-27 21:46:07,443 - aggregator - INFO - Starting aioredis listener...
2023-03-27 21:46:07,938 - aggregator - INFO - Aggregator initialized MPC player Ryan-HPN1D
2023-03-27 21:46:08,126 - aggregator - INFO - Aggregator initialized MPC player Katherine-U1GN4
2023-03-27 21:46:08,311 - aggregator - INFO - Aggregator initialized MPC player Evelyn-NYYEI
2023-03-27 21:46:08,498 - aggregator - INFO - Aggregator initialized MPC player Robin-NB089
2023-03-27 21:46:08,671 - aggregator - INFO - Aggregator initialized MPC player Arron-5TSDV
2023-03-27 21:46:08,858 - aggregator - INFO - Aggregator initialized MPC player Marquerite-EPELW
2023-03-27 21:46:09,048 - aggregator - INFO - Aggregator initialized MPC player Nadine-D73XI
2023-03-27 21:46:09,238 - aggregator - INFO - Aggregator initialized MPC player Edward-HUHS3
2023-03-27 21:46:09,430 - aggregator - INFO - Aggregator initialized MPC player Glenda-VUXFP
2023-03-27 21:46:38,780 - aggregator - INFO - Set the version write out to marl_test
2023-03-27 21:46:38,781 - aggregator - INFO - Start: 2015-01-01T00:00:00; End: 2015-01-01T02:00:00; Number of hours: 2
2023-03-27 21:46:39,021 - aggregator - INFO - Made it to Aggregator Run
2023-03-27 21:46:39,032 - aggregator - INFO - Flushing Redis
2023-03-27 21:46:45,720 - aggregator - INFO - Homes looking ok!
2023-03-27 21:46:45,730 - aggregator - INFO - Starting aioredis listener...
2023-03-27 21:46:46,221 - aggregator - INFO - Aggregator initialized MPC player Ryan-HPN1D
2023-03-27 21:46:46,403 - aggregator - INFO - Aggregator initialized MPC player Katherine-U1GN4
2023-03-27 21:46:46,584 - aggregator - INFO - Aggregator initialized MPC player Evelyn-NYYEI
2023-03-27 21:46:46,762 - aggregator - INFO - Aggregator initialized MPC player Robin-NB089
2023-03-27 21:46:46,935 - aggregator - INFO - Aggregator initialized MPC player Arron-5TSDV
2023-03-27 21:46:47,120 - aggregator - INFO - Aggregator initialized MPC player Marquerite-EPELW
2023-03-27 21:46:47,308 - aggregator - INFO - Aggregator initialized MPC player Nadine-D73XI
2023-03-27 21:46:47,493 - aggregator - INFO - Aggregator initialized MPC player Edward-HUHS3
2023-03-27 21:46:47,675 - aggregator - INFO - Aggregator initialized MPC player Glenda-VUXFP
2023-03-27 21:52:00,165 - aggregator - INFO - Set the version write out to marl_test
2023-03-27 21:52:00,166 - aggregator - INFO - Start: 2015-01-01T00:00:00; End: 2015-01-01T02:00:00; Number of hours: 2
2023-03-27 21:52:00,406 - aggregator - INFO - Made it to Aggregator Run
2023-03-27 21:52:00,414 - aggregator - INFO - Flushing Redis
2023-03-27 21:52:07,126 - aggregator - INFO - Homes looking ok!
2023-03-27 21:52:07,138 - aggregator - INFO - Starting aioredis listener...
2023-03-27 21:52:07,630 - aggregator - INFO - Aggregator initialized MPC player Ryan-HPN1D
2023-03-27 21:52:07,816 - aggregator - INFO - Aggregator initialized MPC player Katherine-U1GN4
2023-03-27 21:52:08,002 - aggregator - INFO - Aggregator initialized MPC player Evelyn-NYYEI
2023-03-27 21:52:08,189 - aggregator - INFO - Aggregator initialized MPC player Robin-NB089
2023-03-27 21:52:08,376 - aggregator - INFO - Aggregator initialized MPC player Arron-5TSDV
2023-03-27 21:52:08,562 - aggregator - INFO - Aggregator initialized MPC player Marquerite-EPELW
2023-03-27 21:52:08,748 - aggregator - INFO - Aggregator initialized MPC player Nadine-D73XI
2023-03-27 21:52:08,935 - aggregator - INFO - Aggregator initialized MPC player Edward-HUHS3
2023-03-27 21:52:09,123 - aggregator - INFO - Aggregator initialized MPC player Glenda-VUXFP
2023-03-27 22:00:46,211 - aggregator - INFO - Set the version write out to marl_test
2023-03-27 22:00:46,212 - aggregator - INFO - Start: 2015-01-01T00:00:00; End: 2015-01-01T02:00:00; Number of hours: 2
2023-03-27 22:00:46,450 - aggregator - INFO - Made it to Aggregator Run
2023-03-27 22:00:46,460 - aggregator - INFO - Flushing Redis
2023-03-27 22:00:53,254 - aggregator - INFO - Homes looking ok!
2023-03-27 22:00:53,265 - aggregator - INFO - Starting aioredis listener...
2023-03-27 22:00:53,758 - aggregator - INFO - Aggregator initialized MPC player Ryan-HPN1D
2023-03-27 22:00:53,945 - aggregator - INFO - Aggregator initialized MPC player Katherine-U1GN4
2023-03-27 22:00:54,132 - aggregator - INFO - Aggregator initialized MPC player Evelyn-NYYEI
2023-03-27 22:00:54,318 - aggregator - INFO - Aggregator initialized MPC player Robin-NB089
2023-03-27 22:00:54,507 - aggregator - INFO - Aggregator initialized MPC player Arron-5TSDV
2023-03-27 22:00:54,693 - aggregator - INFO - Aggregator initialized MPC player Marquerite-EPELW
2023-03-27 22:00:54,881 - aggregator - INFO - Aggregator initialized MPC player Nadine-D73XI
2023-03-27 22:00:55,070 - aggregator - INFO - Aggregator initialized MPC player Edward-HUHS3
2023-03-27 22:00:55,261 - aggregator - INFO - Aggregator initialized MPC player Glenda-VUXFP
2023-03-27 22:03:02,822 - aggregator - INFO - Set the version write out to marl_test
2023-03-27 22:03:02,823 - aggregator - INFO - Start: 2015-01-01T00:00:00; End: 2015-01-01T02:00:00; Number of hours: 2
2023-03-27 22:03:03,070 - aggregator - INFO - Made it to Aggregator Run
2023-03-27 22:03:03,078 - aggregator - INFO - Flushing Redis
2023-03-27 22:03:09,852 - aggregator - INFO - Homes looking ok!
2023-03-27 22:03:09,863 - aggregator - INFO - Starting aioredis listener...
2023-03-27 22:03:10,354 - aggregator - INFO - Aggregator initialized MPC player Ryan-HPN1D
2023-03-27 22:03:10,537 - aggregator - INFO - Aggregator initialized MPC player Katherine-U1GN4
2023-03-27 22:03:10,720 - aggregator - INFO - Aggregator initialized MPC player Evelyn-NYYEI
2023-03-27 22:03:10,905 - aggregator - INFO - Aggregator initialized MPC player Robin-NB089
2023-03-27 22:03:11,091 - aggregator - INFO - Aggregator initialized MPC player Arron-5TSDV
2023-03-27 22:03:11,277 - aggregator - INFO - Aggregator initialized MPC player Marquerite-EPELW
2023-03-27 22:03:11,463 - aggregator - INFO - Aggregator initialized MPC player Nadine-D73XI
2023-03-27 22:03:11,650 - aggregator - INFO - Aggregator initialized MPC player Edward-HUHS3
2023-03-27 22:03:11,837 - aggregator - INFO - Aggregator initialized MPC player Glenda-VUXFP
2023-03-27 22:04:23,947 - aggregator - INFO - Set the version write out to marl_test
2023-03-27 22:04:23,948 - aggregator - INFO - Start: 2015-01-01T00:00:00; End: 2015-01-01T02:00:00; Number of hours: 2
2023-03-27 22:04:24,188 - aggregator - INFO - Made it to Aggregator Run
2023-03-27 22:04:24,197 - aggregator - INFO - Flushing Redis
2023-03-27 22:04:31,173 - aggregator - INFO - Homes looking ok!
2023-03-27 22:04:31,184 - aggregator - INFO - Starting aioredis listener...
2023-03-27 22:04:31,677 - aggregator - INFO - Aggregator initialized MPC player Ryan-HPN1D
2023-03-27 22:04:31,866 - aggregator - INFO - Aggregator initialized MPC player Katherine-U1GN4
2023-03-27 22:04:32,053 - aggregator - INFO - Aggregator initialized MPC player Evelyn-NYYEI
2023-03-27 22:04:32,240 - aggregator - INFO - Aggregator initialized MPC player Robin-NB089
2023-03-27 22:04:32,426 - aggregator - INFO - Aggregator initialized MPC player Arron-5TSDV
2023-03-27 22:04:32,611 - aggregator - INFO - Aggregator initialized MPC player Marquerite-EPELW
2023-03-27 22:04:32,794 - aggregator - INFO - Aggregator initialized MPC player Nadine-D73XI
2023-03-27 22:04:32,965 - aggregator - INFO - Aggregator initialized MPC player Edward-HUHS3
2023-03-27 22:04:33,152 - aggregator - INFO - Aggregator initialized MPC player Glenda-VUXFP
2023-03-27 22:29:39,359 - aggregator - INFO - Set the version write out to marl_test
2023-03-27 22:29:39,360 - aggregator - INFO - Start: 2015-01-01T00:00:00; End: 2015-01-01T02:00:00; Number of hours: 2
2023-03-27 22:29:39,625 - aggregator - INFO - Made it to Aggregator Run
2023-03-27 22:29:39,633 - aggregator - INFO - Flushing Redis
2023-03-27 22:29:46,465 - aggregator - INFO - Homes looking ok!
2023-03-27 22:29:46,476 - aggregator - INFO - Starting aioredis listener...
2023-03-27 22:29:46,969 - aggregator - INFO - Aggregator initialized MPC player Ryan-HPN1D
2023-03-27 22:29:47,151 - aggregator - INFO - Aggregator initialized MPC player Katherine-U1GN4
2023-03-27 22:29:47,322 - aggregator - INFO - Aggregator initialized MPC player Evelyn-NYYEI
2023-03-27 22:29:47,506 - aggregator - INFO - Aggregator initialized MPC player Robin-NB089
2023-03-27 22:29:47,687 - aggregator - INFO - Aggregator initialized MPC player Arron-5TSDV
2023-03-27 22:29:47,872 - aggregator - INFO - Aggregator initialized MPC player Marquerite-EPELW
2023-03-27 22:29:48,058 - aggregator - INFO - Aggregator initialized MPC player Nadine-D73XI
2023-03-27 22:29:48,244 - aggregator - INFO - Aggregator initialized MPC player Edward-HUHS3
2023-03-27 22:29:48,429 - aggregator - INFO - Aggregator initialized MPC player Glenda-VUXFP
2023-03-27 22:47:36,569 - aggregator - INFO - Set the version write out to marl_test
2023-03-27 22:47:36,570 - aggregator - INFO - Start: 2015-01-01T00:00:00; End: 2015-01-01T02:00:00; Number of hours: 2
2023-03-27 22:47:36,809 - aggregator - INFO - Made it to Aggregator Run
2023-03-27 22:47:36,818 - aggregator - INFO - Flushing Redis
2023-03-27 22:47:43,786 - aggregator - INFO - Homes looking ok!
2023-03-27 22:47:43,797 - aggregator - INFO - Starting aioredis listener...
2023-03-27 22:47:44,288 - aggregator - INFO - Aggregator initialized MPC player Ryan-HPN1D
2023-03-27 22:47:44,479 - aggregator - INFO - Aggregator initialized MPC player Katherine-U1GN4
2023-03-27 22:47:44,667 - aggregator - INFO - Aggregator initialized MPC player Evelyn-NYYEI
2023-03-27 22:47:44,855 - aggregator - INFO - Aggregator initialized MPC player Robin-NB089
2023-03-27 22:47:45,045 - aggregator - INFO - Aggregator initialized MPC player Arron-5TSDV
2023-03-27 22:47:45,235 - aggregator - INFO - Aggregator initialized MPC player Marquerite-EPELW
2023-03-27 22:47:45,425 - aggregator - INFO - Aggregator initialized MPC player Nadine-D73XI
2023-03-27 22:47:45,614 - aggregator - INFO - Aggregator initialized MPC player Edward-HUHS3
2023-03-27 22:47:45,806 - aggregator - INFO - Aggregator initialized MPC player Glenda-VUXFP
2023-03-27 22:52:10,950 - aggregator - INFO - Set the version write out to marl_test
2023-03-27 22:52:10,951 - aggregator - INFO - Start: 2015-01-01T00:00:00; End: 2015-01-01T02:00:00; Number of hours: 2
2023-03-27 22:52:11,196 - aggregator - INFO - Made it to Aggregator Run
2023-03-27 22:52:11,202 - aggregator - INFO - Flushing Redis
2023-03-27 22:52:17,914 - aggregator - INFO - Homes looking ok!
2023-03-27 22:52:17,925 - aggregator - INFO - Starting aioredis listener...
2023-03-27 22:52:18,419 - aggregator - INFO - Aggregator initialized MPC player Ryan-HPN1D
2023-03-27 22:52:18,605 - aggregator - INFO - Aggregator initialized MPC player Katherine-U1GN4
2023-03-27 22:52:18,790 - aggregator - INFO - Aggregator initialized MPC player Evelyn-NYYEI
2023-03-27 22:52:18,976 - aggregator - INFO - Aggregator initialized MPC player Robin-NB089
2023-03-27 22:52:19,154 - aggregator - INFO - Aggregator initialized MPC player Arron-5TSDV
2023-03-27 22:52:19,336 - aggregator - INFO - Aggregator initialized MPC player Marquerite-EPELW
2023-03-27 22:52:19,523 - aggregator - INFO - Aggregator initialized MPC player Nadine-D73XI
2023-03-27 22:52:19,692 - aggregator - INFO - Aggregator initialized MPC player Edward-HUHS3
2023-03-27 22:52:19,865 - aggregator - INFO - Aggregator initialized MPC player Glenda-VUXFP
2023-03-27 22:59:01,885 - aggregator - INFO - Set the version write out to marl_test
2023-03-27 22:59:01,885 - aggregator - INFO - Start: 2015-01-01T00:00:00; End: 2015-01-01T02:00:00; Number of hours: 2
2023-03-27 22:59:02,148 - aggregator - INFO - Made it to Aggregator Run
2023-03-27 22:59:02,155 - aggregator - INFO - Flushing Redis
2023-03-27 22:59:08,896 - aggregator - INFO - Homes looking ok!
2023-03-27 22:59:08,908 - aggregator - INFO - Starting aioredis listener...
2023-03-27 22:59:09,393 - aggregator - INFO - Aggregator initialized MPC player Ryan-HPN1D
2023-03-27 22:59:09,579 - aggregator - INFO - Aggregator initialized MPC player Katherine-U1GN4
2023-03-27 22:59:09,766 - aggregator - INFO - Aggregator initialized MPC player Evelyn-NYYEI
2023-03-27 22:59:09,953 - aggregator - INFO - Aggregator initialized MPC player Robin-NB089
2023-03-27 22:59:10,140 - aggregator - INFO - Aggregator initialized MPC player Arron-5TSDV
2023-03-27 22:59:10,326 - aggregator - INFO - Aggregator initialized MPC player Marquerite-EPELW
2023-03-27 22:59:10,511 - aggregator - INFO - Aggregator initialized MPC player Nadine-D73XI
2023-03-27 22:59:10,695 - aggregator - INFO - Aggregator initialized MPC player Edward-HUHS3
2023-03-27 22:59:10,882 - aggregator - INFO - Aggregator initialized MPC player Glenda-VUXFP
2023-03-27 23:01:04,126 - aggregator - INFO - Set the version write out to marl_test
2023-03-27 23:01:04,127 - aggregator - INFO - Start: 2015-01-01T00:00:00; End: 2015-01-01T02:00:00; Number of hours: 2
2023-03-27 23:01:04,367 - aggregator - INFO - Made it to Aggregator Run
2023-03-27 23:01:04,375 - aggregator - INFO - Flushing Redis
2023-03-27 23:01:11,203 - aggregator - INFO - Homes looking ok!
2023-03-27 23:01:11,213 - aggregator - INFO - Starting aioredis listener...
2023-03-27 23:01:11,703 - aggregator - INFO - Aggregator initialized MPC player Ryan-HPN1D
2023-03-27 23:01:11,887 - aggregator - INFO - Aggregator initialized MPC player Katherine-U1GN4
2023-03-27 23:01:12,071 - aggregator - INFO - Aggregator initialized MPC player Evelyn-NYYEI
2023-03-27 23:01:12,255 - aggregator - INFO - Aggregator initialized MPC player Robin-NB089
2023-03-27 23:01:12,443 - aggregator - INFO - Aggregator initialized MPC player Arron-5TSDV
2023-03-27 23:01:12,629 - aggregator - INFO - Aggregator initialized MPC player Marquerite-EPELW
2023-03-27 23:01:12,812 - aggregator - INFO - Aggregator initialized MPC player Nadine-D73XI
2023-03-27 23:01:12,998 - aggregator - INFO - Aggregator initialized MPC player Edward-HUHS3
2023-03-27 23:01:13,186 - aggregator - INFO - Aggregator initialized MPC player Glenda-VUXFP
2023-03-27 23:01:59,287 - aggregator - INFO - Set the version write out to marl_test
2023-03-27 23:01:59,288 - aggregator - INFO - Start: 2015-01-01T00:00:00; End: 2015-01-01T02:00:00; Number of hours: 2
2023-03-27 23:01:59,560 - aggregator - INFO - Made it to Aggregator Run
2023-03-27 23:01:59,568 - aggregator - INFO - Flushing Redis
2023-03-27 23:02:06,248 - aggregator - INFO - Homes looking ok!
2023-03-27 23:02:06,258 - aggregator - INFO - Starting aioredis listener...
2023-03-27 23:02:06,748 - aggregator - INFO - Aggregator initialized MPC player Ryan-HPN1D
2023-03-27 23:02:06,937 - aggregator - INFO - Aggregator initialized MPC player Katherine-U1GN4
2023-03-27 23:02:07,121 - aggregator - INFO - Aggregator initialized MPC player Evelyn-NYYEI
2023-03-27 23:02:07,304 - aggregator - INFO - Aggregator initialized MPC player Robin-NB089
2023-03-27 23:02:07,492 - aggregator - INFO - Aggregator initialized MPC player Arron-5TSDV
2023-03-27 23:02:07,680 - aggregator - INFO - Aggregator initialized MPC player Marquerite-EPELW
2023-03-27 23:02:07,863 - aggregator - INFO - Aggregator initialized MPC player Nadine-D73XI
2023-03-27 23:02:08,050 - aggregator - INFO - Aggregator initialized MPC player Edward-HUHS3
2023-03-27 23:02:08,238 - aggregator - INFO - Aggregator initialized MPC player Glenda-VUXFP
2023-03-27 23:04:38,356 - aggregator - INFO - Set the version write out to marl_test
2023-03-27 23:04:38,357 - aggregator - INFO - Start: 2015-01-01T00:00:00; End: 2015-01-01T02:00:00; Number of hours: 2
2023-03-27 23:04:38,595 - aggregator - INFO - Made it to Aggregator Run
2023-03-27 23:04:38,605 - aggregator - INFO - Flushing Redis
2023-03-27 23:04:45,391 - aggregator - INFO - Homes looking ok!
2023-03-27 23:04:45,402 - aggregator - INFO - Starting aioredis listener...
2023-03-27 23:04:45,892 - aggregator - INFO - Aggregator initialized MPC player Ryan-HPN1D
2023-03-27 23:04:46,077 - aggregator - INFO - Aggregator initialized MPC player Katherine-U1GN4
2023-03-27 23:04:46,260 - aggregator - INFO - Aggregator initialized MPC player Evelyn-NYYEI
2023-03-27 23:04:46,443 - aggregator - INFO - Aggregator initialized MPC player Robin-NB089
2023-03-27 23:04:46,629 - aggregator - INFO - Aggregator initialized MPC player Arron-5TSDV
2023-03-27 23:04:46,816 - aggregator - INFO - Aggregator initialized MPC player Marquerite-EPELW
2023-03-27 23:04:47,004 - aggregator - INFO - Aggregator initialized MPC player Nadine-D73XI
2023-03-27 23:04:47,184 - aggregator - INFO - Aggregator initialized MPC player Edward-HUHS3
2023-03-27 23:04:47,353 - aggregator - INFO - Aggregator initialized MPC player Glenda-VUXFP
2023-03-27 23:06:59,685 - aggregator - INFO - Set the version write out to marl_test
2023-03-27 23:06:59,686 - aggregator - INFO - Start: 2015-01-01T00:00:00; End: 2015-01-01T02:00:00; Number of hours: 2
2023-03-27 23:06:59,933 - aggregator - INFO - Made it to Aggregator Run
2023-03-27 23:06:59,940 - aggregator - INFO - Flushing Redis
2023-03-27 23:07:06,769 - aggregator - INFO - Homes looking ok!
2023-03-27 23:07:06,780 - aggregator - INFO - Starting aioredis listener...
2023-03-27 23:07:07,260 - aggregator - INFO - Aggregator initialized MPC player Ryan-HPN1D
2023-03-27 23:07:07,438 - aggregator - INFO - Aggregator initialized MPC player Katherine-U1GN4
2023-03-27 23:07:07,607 - aggregator - INFO - Aggregator initialized MPC player Evelyn-NYYEI
2023-03-27 23:07:07,778 - aggregator - INFO - Aggregator initialized MPC player Robin-NB089
2023-03-27 23:07:07,949 - aggregator - INFO - Aggregator initialized MPC player Arron-5TSDV
2023-03-27 23:07:08,125 - aggregator - INFO - Aggregator initialized MPC player Marquerite-EPELW
2023-03-27 23:07:08,301 - aggregator - INFO - Aggregator initialized MPC player Nadine-D73XI
2023-03-27 23:07:08,483 - aggregator - INFO - Aggregator initialized MPC player Edward-HUHS3
2023-03-27 23:07:08,666 - aggregator - INFO - Aggregator initialized MPC player Glenda-VUXFP
2023-03-27 23:07:59,838 - aggregator - INFO - Set the version write out to marl_test
2023-03-27 23:07:59,839 - aggregator - INFO - Start: 2015-01-01T00:00:00; End: 2015-01-01T02:00:00; Number of hours: 2
2023-03-27 23:08:00,080 - aggregator - INFO - Made it to Aggregator Run
2023-03-27 23:08:00,086 - aggregator - INFO - Flushing Redis
2023-03-27 23:08:06,910 - aggregator - INFO - Homes looking ok!
2023-03-27 23:08:06,920 - aggregator - INFO - Starting aioredis listener...
2023-03-27 23:08:07,412 - aggregator - INFO - Aggregator initialized MPC player Ryan-HPN1D
2023-03-27 23:08:07,599 - aggregator - INFO - Aggregator initialized MPC player Katherine-U1GN4
2023-03-27 23:08:07,784 - aggregator - INFO - Aggregator initialized MPC player Evelyn-NYYEI
2023-03-27 23:08:07,969 - aggregator - INFO - Aggregator initialized MPC player Robin-NB089
2023-03-27 23:08:08,155 - aggregator - INFO - Aggregator initialized MPC player Arron-5TSDV
2023-03-27 23:08:08,340 - aggregator - INFO - Aggregator initialized MPC player Marquerite-EPELW
2023-03-27 23:08:08,525 - aggregator - INFO - Aggregator initialized MPC player Nadine-D73XI
2023-03-27 23:08:08,709 - aggregator - INFO - Aggregator initialized MPC player Edward-HUHS3
2023-03-27 23:08:08,896 - aggregator - INFO - Aggregator initialized MPC player Glenda-VUXFP
2023-03-27 23:10:33,845 - aggregator - INFO - Set the version write out to marl_test
2023-03-27 23:10:33,846 - aggregator - INFO - Start: 2015-01-01T00:00:00; End: 2015-01-01T02:00:00; Number of hours: 2
2023-03-27 23:10:34,079 - aggregator - INFO - Made it to Aggregator Run
2023-03-27 23:10:34,088 - aggregator - INFO - Flushing Redis
2023-03-27 23:10:40,841 - aggregator - INFO - Homes looking ok!
2023-03-27 23:10:40,852 - aggregator - INFO - Starting aioredis listener...
2023-03-27 23:10:41,344 - aggregator - INFO - Aggregator initialized MPC player Ryan-HPN1D
2023-03-27 23:10:41,530 - aggregator - INFO - Aggregator initialized MPC player Katherine-U1GN4
2023-03-27 23:10:41,717 - aggregator - INFO - Aggregator initialized MPC player Evelyn-NYYEI
2023-03-27 23:10:41,898 - aggregator - INFO - Aggregator initialized MPC player Robin-NB089
2023-03-27 23:10:42,085 - aggregator - INFO - Aggregator initialized MPC player Arron-5TSDV
2023-03-27 23:10:42,271 - aggregator - INFO - Aggregator initialized MPC player Marquerite-EPELW
2023-03-27 23:10:42,457 - aggregator - INFO - Aggregator initialized MPC player Nadine-D73XI
2023-03-27 23:10:42,643 - aggregator - INFO - Aggregator initialized MPC player Edward-HUHS3
2023-03-27 23:10:42,829 - aggregator - INFO - Aggregator initialized MPC player Glenda-VUXFP
2023-03-27 23:11:56,684 - aggregator - INFO - Set the version write out to marl_test
2023-03-27 23:11:56,684 - aggregator - INFO - Start: 2015-01-01T00:00:00; End: 2015-01-01T02:00:00; Number of hours: 2
2023-03-27 23:11:56,944 - aggregator - INFO - Made it to Aggregator Run
2023-03-27 23:11:56,951 - aggregator - INFO - Flushing Redis
2023-03-27 23:12:03,726 - aggregator - INFO - Homes looking ok!
2023-03-27 23:12:03,737 - aggregator - INFO - Starting aioredis listener...
2023-03-27 23:12:04,228 - aggregator - INFO - Aggregator initialized MPC player Ryan-HPN1D
2023-03-27 23:12:04,413 - aggregator - INFO - Aggregator initialized MPC player Katherine-U1GN4
2023-03-27 23:12:04,585 - aggregator - INFO - Aggregator initialized MPC player Evelyn-NYYEI
2023-03-27 23:12:04,761 - aggregator - INFO - Aggregator initialized MPC player Robin-NB089
2023-03-27 23:12:04,945 - aggregator - INFO - Aggregator initialized MPC player Arron-5TSDV
2023-03-27 23:12:05,130 - aggregator - INFO - Aggregator initialized MPC player Marquerite-EPELW
2023-03-27 23:12:05,318 - aggregator - INFO - Aggregator initialized MPC player Nadine-D73XI
2023-03-27 23:12:05,504 - aggregator - INFO - Aggregator initialized MPC player Edward-HUHS3
2023-03-27 23:12:05,691 - aggregator - INFO - Aggregator initialized MPC player Glenda-VUXFP
2023-03-27 23:15:47,949 - aggregator - INFO - Set the version write out to marl_test
2023-03-27 23:15:47,950 - aggregator - INFO - Start: 2015-01-01T00:00:00; End: 2015-01-01T02:00:00; Number of hours: 2
2023-03-27 23:15:48,182 - aggregator - INFO - Made it to Aggregator Run
2023-03-27 23:15:48,190 - aggregator - INFO - Flushing Redis
2023-03-27 23:15:54,921 - aggregator - INFO - Homes looking ok!
2023-03-27 23:15:54,932 - aggregator - INFO - Starting aioredis listener...
2023-03-27 23:15:55,423 - aggregator - INFO - Aggregator initialized MPC player Ryan-HPN1D
2023-03-27 23:15:55,611 - aggregator - INFO - Aggregator initialized MPC player Katherine-U1GN4
2023-03-27 23:15:55,797 - aggregator - INFO - Aggregator initialized MPC player Evelyn-NYYEI
2023-03-27 23:15:55,981 - aggregator - INFO - Aggregator initialized MPC player Robin-NB089
2023-03-27 23:15:56,168 - aggregator - INFO - Aggregator initialized MPC player Arron-5TSDV
2023-03-27 23:15:56,354 - aggregator - INFO - Aggregator initialized MPC player Marquerite-EPELW
2023-03-27 23:15:56,541 - aggregator - INFO - Aggregator initialized MPC player Nadine-D73XI
2023-03-27 23:15:56,726 - aggregator - INFO - Aggregator initialized MPC player Edward-HUHS3
2023-03-27 23:15:56,913 - aggregator - INFO - Aggregator initialized MPC player Glenda-VUXFP
2023-03-27 23:18:00,040 - aggregator - INFO - Set the version write out to marl_test
2023-03-27 23:18:00,041 - aggregator - INFO - Start: 2015-01-01T00:00:00; End: 2015-01-01T02:00:00; Number of hours: 2
2023-03-27 23:18:00,291 - aggregator - INFO - Made it to Aggregator Run
2023-03-27 23:18:00,300 - aggregator - INFO - Flushing Redis
2023-03-27 23:18:07,035 - aggregator - INFO - Homes looking ok!
2023-03-27 23:18:07,046 - aggregator - INFO - Starting aioredis listener...
2023-03-27 23:18:07,534 - aggregator - INFO - Aggregator initialized MPC player Ryan-HPN1D
2023-03-27 23:18:07,718 - aggregator - INFO - Aggregator initialized MPC player Katherine-U1GN4
2023-03-27 23:18:07,902 - aggregator - INFO - Aggregator initialized MPC player Evelyn-NYYEI
2023-03-27 23:18:08,087 - aggregator - INFO - Aggregator initialized MPC player Robin-NB089
2023-03-27 23:18:08,272 - aggregator - INFO - Aggregator initialized MPC player Arron-5TSDV
2023-03-27 23:18:08,456 - aggregator - INFO - Aggregator initialized MPC player Marquerite-EPELW
2023-03-27 23:18:08,642 - aggregator - INFO - Aggregator initialized MPC player Nadine-D73XI
2023-03-27 23:18:08,828 - aggregator - INFO - Aggregator initialized MPC player Edward-HUHS3
2023-03-27 23:18:09,014 - aggregator - INFO - Aggregator initialized MPC player Glenda-VUXFP
2023-03-27 23:18:43,088 - aggregator - INFO - Set the version write out to marl_test
2023-03-27 23:18:43,089 - aggregator - INFO - Start: 2015-01-01T00:00:00; End: 2015-01-01T02:00:00; Number of hours: 2
2023-03-27 23:18:43,346 - aggregator - INFO - Made it to Aggregator Run
2023-03-27 23:18:43,354 - aggregator - INFO - Flushing Redis
2023-03-27 23:18:50,258 - aggregator - INFO - Homes looking ok!
2023-03-27 23:18:50,267 - aggregator - INFO - Starting aioredis listener...
2023-03-27 23:18:50,750 - aggregator - INFO - Aggregator initialized MPC player Ryan-HPN1D
2023-03-27 23:18:50,927 - aggregator - INFO - Aggregator initialized MPC player Katherine-U1GN4
2023-03-27 23:18:51,097 - aggregator - INFO - Aggregator initialized MPC player Evelyn-NYYEI
2023-03-27 23:18:51,274 - aggregator - INFO - Aggregator initialized MPC player Robin-NB089
2023-03-27 23:18:51,458 - aggregator - INFO - Aggregator initialized MPC player Arron-5TSDV
2023-03-27 23:18:51,631 - aggregator - INFO - Aggregator initialized MPC player Marquerite-EPELW
2023-03-27 23:18:51,806 - aggregator - INFO - Aggregator initialized MPC player Nadine-D73XI
2023-03-27 23:18:51,974 - aggregator - INFO - Aggregator initialized MPC player Edward-HUHS3
2023-03-27 23:18:52,149 - aggregator - INFO - Aggregator initialized MPC player Glenda-VUXFP
2023-03-27 23:20:45,551 - aggregator - INFO - Set the version write out to marl_test
2023-03-27 23:20:45,552 - aggregator - INFO - Start: 2015-01-01T00:00:00; End: 2015-01-01T02:00:00; Number of hours: 2
2023-03-27 23:20:45,794 - aggregator - INFO - Made it to Aggregator Run
2023-03-27 23:20:45,803 - aggregator - INFO - Flushing Redis
2023-03-27 23:20:52,858 - aggregator - INFO - Homes looking ok!
2023-03-27 23:20:52,869 - aggregator - INFO - Starting aioredis listener...
2023-03-27 23:20:53,363 - aggregator - INFO - Aggregator initialized MPC player Ryan-HPN1D
2023-03-27 23:20:53,552 - aggregator - INFO - Aggregator initialized MPC player Katherine-U1GN4
2023-03-27 23:20:53,730 - aggregator - INFO - Aggregator initialized MPC player Evelyn-NYYEI
2023-03-27 23:20:53,912 - aggregator - INFO - Aggregator initialized MPC player Robin-NB089
2023-03-27 23:20:54,102 - aggregator - INFO - Aggregator initialized MPC player Arron-5TSDV
2023-03-27 23:20:54,286 - aggregator - INFO - Aggregator initialized MPC player Marquerite-EPELW
2023-03-27 23:20:54,477 - aggregator - INFO - Aggregator initialized MPC player Nadine-D73XI
2023-03-27 23:20:54,664 - aggregator - INFO - Aggregator initialized MPC player Edward-HUHS3
2023-03-27 23:20:54,854 - aggregator - INFO - Aggregator initialized MPC player Glenda-VUXFP
2023-03-27 23:21:17,050 - aggregator - INFO - Set the version write out to marl_test
2023-03-27 23:21:17,051 - aggregator - INFO - Start: 2015-01-01T00:00:00; End: 2015-01-01T02:00:00; Number of hours: 2
2023-03-27 23:21:17,275 - aggregator - INFO - Made it to Aggregator Run
2023-03-27 23:21:17,283 - aggregator - INFO - Flushing Redis
2023-03-27 23:21:23,746 - aggregator - INFO - Homes looking ok!
2023-03-27 23:21:23,756 - aggregator - INFO - Starting aioredis listener...
2023-03-27 23:21:52,668 - aggregator - INFO - Set the version write out to marl_test
2023-03-27 23:21:52,668 - aggregator - INFO - Start: 2015-01-01T00:00:00; End: 2015-01-01T02:00:00; Number of hours: 2
2023-03-27 23:21:52,910 - aggregator - INFO - Made it to Aggregator Run
2023-03-27 23:21:52,921 - aggregator - INFO - Flushing Redis
2023-03-27 23:21:59,749 - aggregator - INFO - Homes looking ok!
2023-03-27 23:21:59,761 - aggregator - INFO - Starting aioredis listener...
2023-03-27 23:22:00,252 - aggregator - INFO - Aggregator initialized MPC player Ryan-HPN1D
2023-03-27 23:22:00,440 - aggregator - INFO - Aggregator initialized MPC player Katherine-U1GN4
2023-03-27 23:22:00,628 - aggregator - INFO - Aggregator initialized MPC player Evelyn-NYYEI
2023-03-27 23:22:00,814 - aggregator - INFO - Aggregator initialized MPC player Robin-NB089
2023-03-27 23:22:01,001 - aggregator - INFO - Aggregator initialized MPC player Arron-5TSDV
2023-03-27 23:22:01,190 - aggregator - INFO - Aggregator initialized MPC player Marquerite-EPELW
2023-03-27 23:22:01,377 - aggregator - INFO - Aggregator initialized MPC player Nadine-D73XI
2023-03-27 23:22:01,563 - aggregator - INFO - Aggregator initialized MPC player Edward-HUHS3
2023-03-27 23:22:01,746 - aggregator - INFO - Aggregator initialized MPC player Glenda-VUXFP
2023-03-27 23:22:02,252 - aggregator - INFO - Player 1/1 updated demand at t=1.
2023-03-27 23:22:04,960 - aggregator - INFO - At time t=0 aggregate load is 1.65 kW.
2023-03-27 23:22:05,264 - aggregator - INFO - Player 1/1 updated demand at t=2.
2023-03-27 23:22:06,839 - aggregator - INFO - At time t=1 aggregate load is 1.65 kW.
2023-03-27 23:22:07,041 - aggregator - INFO - Player 1/1 updated demand at t=3.
2023-03-27 23:22:08,595 - aggregator - INFO - At time t=2 aggregate load is 0.0 kW.
2023-03-27 23:22:08,797 - aggregator - INFO - Player 1/1 updated demand at t=4.
2023-03-27 23:22:10,327 - aggregator - INFO - At time t=3 aggregate load is 0.0 kW.
2023-03-27 23:22:10,530 - aggregator - INFO - Horizon: 1; Num Hours Simulated: 2; Run time: 17.61989 seconds
2023-03-27 23:35:34,532 - aggregator - INFO - Set the version write out to marl_test
2023-03-27 23:35:34,533 - aggregator - INFO - Start: 2015-01-01T00:00:00; End: 2015-01-01T02:00:00; Number of hours: 2
2023-03-27 23:35:34,805 - aggregator - INFO - Made it to Aggregator Run
2023-03-27 23:35:34,816 - aggregator - INFO - Flushing Redis
2023-03-27 23:35:41,719 - aggregator - INFO - Homes looking ok!
2023-03-27 23:35:41,729 - aggregator - INFO - Starting aioredis listener...
2023-03-27 23:35:42,217 - aggregator - INFO - Aggregator initialized MPC player Ryan-HPN1D
2023-03-27 23:35:42,389 - aggregator - INFO - Aggregator initialized MPC player Katherine-U1GN4
2023-03-27 23:35:42,578 - aggregator - INFO - Aggregator initialized MPC player Evelyn-NYYEI
2023-03-27 23:35:42,766 - aggregator - INFO - Aggregator initialized MPC player Robin-NB089
2023-03-27 23:35:42,955 - aggregator - INFO - Aggregator initialized MPC player Arron-5TSDV
2023-03-27 23:35:43,143 - aggregator - INFO - Aggregator initialized MPC player Marquerite-EPELW
2023-03-27 23:35:43,331 - aggregator - INFO - Aggregator initialized MPC player Nadine-D73XI
2023-03-27 23:35:43,521 - aggregator - INFO - Aggregator initialized MPC player Edward-HUHS3
2023-03-27 23:35:43,710 - aggregator - INFO - Aggregator initialized MPC player Glenda-VUXFP
2023-03-27 23:35:44,217 - aggregator - INFO - Player 1/1 updated demand at t=1.
2023-03-27 23:35:46,949 - aggregator - INFO - At time t=0 aggregate load is 2.37 kW.
2023-03-27 23:35:47,252 - aggregator - INFO - Player 1/1 updated demand at t=2.
2023-03-27 23:35:48,813 - aggregator - INFO - At time t=1 aggregate load is 2.37 kW.
2023-03-27 23:35:49,016 - aggregator - INFO - Player 1/1 updated demand at t=3.
2023-03-27 23:35:50,594 - aggregator - INFO - At time t=2 aggregate load is 1.54 kW.
2023-03-27 23:35:50,797 - aggregator - INFO - Player 1/1 updated demand at t=4.
2023-03-27 23:35:52,366 - aggregator - INFO - At time t=3 aggregate load is 1.54 kW.
2023-03-27 23:35:52,569 - aggregator - INFO - Horizon: 1; Num Hours Simulated: 2; Run time: 17.764097 seconds
2023-03-27 23:37:19,578 - aggregator - INFO - Set the version write out to marl_test
2023-03-27 23:37:19,579 - aggregator - INFO - Start: 2015-01-01T00:00:00; End: 2015-01-01T02:00:00; Number of hours: 2
2023-03-27 23:37:19,829 - aggregator - INFO - Made it to Aggregator Run
2023-03-27 23:37:19,837 - aggregator - INFO - Flushing Redis
2023-03-27 23:37:26,510 - aggregator - INFO - Homes looking ok!
2023-03-27 23:37:26,522 - aggregator - INFO - Starting aioredis listener...
2023-03-27 23:37:27,011 - aggregator - INFO - Aggregator initialized MPC player Ryan-HPN1D
2023-03-27 23:37:27,193 - aggregator - INFO - Aggregator initialized MPC player Katherine-U1GN4
2023-03-27 23:37:27,377 - aggregator - INFO - Aggregator initialized MPC player Evelyn-NYYEI
2023-03-27 23:37:27,562 - aggregator - INFO - Aggregator initialized MPC player Robin-NB089
2023-03-27 23:37:27,748 - aggregator - INFO - Aggregator initialized MPC player Arron-5TSDV
2023-03-27 23:37:27,935 - aggregator - INFO - Aggregator initialized MPC player Marquerite-EPELW
2023-03-27 23:37:28,123 - aggregator - INFO - Aggregator initialized MPC player Nadine-D73XI
2023-03-27 23:37:28,300 - aggregator - INFO - Aggregator initialized MPC player Edward-HUHS3
2023-03-27 23:37:28,467 - aggregator - INFO - Aggregator initialized MPC player Glenda-VUXFP
2023-03-27 23:38:07,779 - aggregator - INFO - Set the version write out to marl_test
2023-03-27 23:38:07,779 - aggregator - INFO - Start: 2015-01-01T00:00:00; End: 2015-01-01T02:00:00; Number of hours: 2
2023-03-27 23:38:08,024 - aggregator - INFO - Made it to Aggregator Run
2023-03-27 23:38:08,032 - aggregator - INFO - Flushing Redis
2023-03-27 23:38:14,837 - aggregator - INFO - Homes looking ok!
2023-03-27 23:38:14,846 - aggregator - INFO - Starting aioredis listener...
2023-03-27 23:38:15,323 - aggregator - INFO - Aggregator initialized MPC player Ryan-HPN1D
2023-03-27 23:38:15,499 - aggregator - INFO - Aggregator initialized MPC player Katherine-U1GN4
2023-03-27 23:38:15,686 - aggregator - INFO - Aggregator initialized MPC player Evelyn-NYYEI
2023-03-27 23:38:15,856 - aggregator - INFO - Aggregator initialized MPC player Robin-NB089
2023-03-27 23:38:16,028 - aggregator - INFO - Aggregator initialized MPC player Arron-5TSDV
2023-03-27 23:38:16,212 - aggregator - INFO - Aggregator initialized MPC player Marquerite-EPELW
2023-03-27 23:38:16,390 - aggregator - INFO - Aggregator initialized MPC player Nadine-D73XI
2023-03-27 23:38:16,559 - aggregator - INFO - Aggregator initialized MPC player Edward-HUHS3
2023-03-27 23:38:16,732 - aggregator - INFO - Aggregator initialized MPC player Glenda-VUXFP
2023-03-27 23:39:34,487 - aggregator - INFO - Set the version write out to marl_test
2023-03-27 23:39:34,488 - aggregator - INFO - Start: 2015-01-01T00:00:00; End: 2015-01-01T02:00:00; Number of hours: 2
2023-03-27 23:39:34,733 - aggregator - INFO - Made it to Aggregator Run
2023-03-27 23:39:34,742 - aggregator - INFO - Flushing Redis
2023-03-27 23:39:41,482 - aggregator - INFO - Homes looking ok!
2023-03-27 23:39:41,492 - aggregator - INFO - Starting aioredis listener...
2023-03-27 23:39:41,983 - aggregator - INFO - Aggregator initialized MPC player Ryan-HPN1D
2023-03-27 23:39:42,171 - aggregator - INFO - Aggregator initialized MPC player Katherine-U1GN4
2023-03-27 23:39:42,358 - aggregator - INFO - Aggregator initialized MPC player Evelyn-NYYEI
2023-03-27 23:39:42,545 - aggregator - INFO - Aggregator initialized MPC player Robin-NB089
2023-03-27 23:39:42,734 - aggregator - INFO - Aggregator initialized MPC player Arron-5TSDV
2023-03-27 23:39:42,921 - aggregator - INFO - Aggregator initialized MPC player Marquerite-EPELW
2023-03-27 23:39:43,111 - aggregator - INFO - Aggregator initialized MPC player Nadine-D73XI
2023-03-27 23:39:43,295 - aggregator - INFO - Aggregator initialized MPC player Edward-HUHS3
2023-03-27 23:39:43,484 - aggregator - INFO - Aggregator initialized MPC player Glenda-VUXFP
2023-03-27 23:39:43,989 - aggregator - INFO - Player 1/1 updated demand at t=1.
2023-03-27 23:39:46,663 - aggregator - INFO - At time t=0 aggregate load is 2.37 kW.
2023-03-27 23:39:46,965 - aggregator - INFO - Player 1/1 updated demand at t=2.
2023-03-27 23:39:48,521 - aggregator - INFO - At time t=1 aggregate load is 2.37 kW.
2023-03-27 23:39:48,723 - aggregator - INFO - Player 1/1 updated demand at t=3.
2023-03-27 23:39:50,296 - aggregator - INFO - At time t=2 aggregate load is 1.54 kW.
2023-03-27 23:39:50,498 - aggregator - INFO - Player 1/1 updated demand at t=4.
2023-03-27 23:39:52,043 - aggregator - INFO - At time t=3 aggregate load is 1.54 kW.
2023-03-27 23:39:52,245 - aggregator - INFO - Horizon: 1; Num Hours Simulated: 2; Run time: 17.512438 seconds
2023-04-01 22:01:39,095 - aggregator - INFO - Set the version write out to marl_test
2023-04-01 22:01:39,097 - aggregator - INFO - Start: 2015-01-01T00:00:00; End: 2015-01-01T02:00:00; Number of hours: 2
2023-04-01 22:01:39,359 - aggregator - INFO - Made it to Aggregator Run
2023-04-01 22:01:39,376 - aggregator - INFO - Flushing Redis
2023-04-01 22:01:46,186 - aggregator - INFO - Homes looking ok!
2023-04-01 22:01:46,196 - aggregator - INFO - Starting aioredis listener...
2023-04-01 22:01:46,686 - aggregator - INFO - Aggregator initialized MPC player Ryan-HPN1D
2023-04-01 22:01:46,873 - aggregator - INFO - Aggregator initialized MPC player Katherine-U1GN4
2023-04-01 22:01:47,061 - aggregator - INFO - Aggregator initialized MPC player Evelyn-NYYEI
2023-04-01 22:01:47,248 - aggregator - INFO - Aggregator initialized MPC player Robin-NB089
2023-04-01 22:01:47,437 - aggregator - INFO - Aggregator initialized MPC player Arron-5TSDV
2023-04-01 22:01:47,624 - aggregator - INFO - Aggregator initialized MPC player Marquerite-EPELW
2023-04-01 22:01:47,810 - aggregator - INFO - Aggregator initialized MPC player Nadine-D73XI
2023-04-01 22:01:47,999 - aggregator - INFO - Aggregator initialized MPC player Edward-HUHS3
2023-04-01 22:01:48,188 - aggregator - INFO - Aggregator initialized MPC player Glenda-VUXFP
2023-04-03 22:16:18,305 - aggregator - INFO - Set the version write out to marl_test
2023-04-03 22:16:18,306 - aggregator - INFO - Start: 2015-01-01T00:00:00; End: 2015-01-01T02:00:00; Number of hours: 2
2023-04-03 22:18:02,307 - aggregator - INFO - Set the version write out to marl_test
2023-04-03 22:18:02,307 - aggregator - INFO - Start: 2015-01-01T00:00:00; End: 2015-01-01T02:00:00; Number of hours: 2
2023-04-03 22:20:59,338 - aggregator - INFO - Set the version write out to marl_test
2023-04-03 22:20:59,339 - aggregator - INFO - Start: 2015-01-01T00:00:00; End: 2015-01-01T02:00:00; Number of hours: 2
2023-04-03 22:21:36,387 - aggregator - INFO - Set the version write out to marl_test
2023-04-03 22:21:36,388 - aggregator - INFO - Start: 2015-01-01T00:00:00; End: 2015-01-01T02:00:00; Number of hours: 2
2023-04-03 22:31:45,857 - aggregator - INFO - Set the version write out to marl_test
2023-04-03 22:31:45,858 - aggregator - INFO - Start: 2015-01-01T00:00:00; End: 2015-01-01T02:00:00; Number of hours: 2
2023-04-03 22:33:47,333 - aggregator - INFO - Set the version write out to marl_test
2023-04-03 22:33:47,333 - aggregator - INFO - Start: 2015-01-01T00:00:00; End: 2015-01-01T02:00:00; Number of hours: 2
2023-04-03 22:37:57,859 - aggregator - INFO - Set the version write out to marl_test
2023-04-03 22:37:57,860 - aggregator - INFO - Start: 2015-01-01T00:00:00; End: 2015-01-01T02:00:00; Number of hours: 2
2023-04-04 11:41:00,344 - aggregator - INFO - Set the version write out to marl_test
2023-04-04 11:41:00,345 - aggregator - INFO - Start: 2015-01-01T00:00:00; End: 2015-01-01T02:00:00; Number of hours: 2
2023-04-04 11:41:00,617 - aggregator - INFO - Made it to Aggregator Run
2023-04-04 11:41:00,639 - aggregator - INFO - Flushing Redis
2023-04-04 11:41:05,069 - aggregator - INFO - Homes looking ok!
2023-04-04 11:41:05,078 - aggregator - INFO - Starting aioredis listener...
2023-04-04 11:41:05,496 - aggregator - INFO - Aggregator initialized MPC player Ryan-HPN1D
2023-04-04 11:41:05,606 - aggregator - INFO - Aggregator initialized MPC player Katherine-U1GN4
2023-04-04 11:41:05,717 - aggregator - INFO - Aggregator initialized MPC player Evelyn-NYYEI
2023-04-04 11:41:05,826 - aggregator - INFO - Aggregator initialized MPC player Robin-NB089
2023-04-04 11:41:05,933 - aggregator - INFO - Aggregator initialized MPC player Arron-5TSDV
2023-04-04 11:41:06,042 - aggregator - INFO - Aggregator initialized MPC player Marquerite-EPELW
2023-04-04 11:41:06,151 - aggregator - INFO - Aggregator initialized MPC player Nadine-D73XI
2023-04-04 11:41:06,260 - aggregator - INFO - Aggregator initialized MPC player Edward-HUHS3
2023-04-04 11:41:06,369 - aggregator - INFO - Aggregator initialized MPC player Glenda-VUXFP
2023-04-04 11:43:49,023 - aggregator - INFO - Set the version write out to marl_test
2023-04-04 11:43:49,023 - aggregator - INFO - Start: 2015-01-01T00:00:00; End: 2015-01-01T02:00:00; Number of hours: 2
2023-04-04 11:43:49,187 - aggregator - INFO - Made it to Aggregator Run
2023-04-04 11:43:49,198 - aggregator - INFO - Flushing Redis
2023-04-04 11:43:53,750 - aggregator - INFO - Homes looking ok!
2023-04-04 11:43:53,759 - aggregator - INFO - Starting aioredis listener...
2023-04-04 11:43:54,177 - aggregator - INFO - Aggregator initialized MPC player Ryan-HPN1D
2023-04-04 11:43:54,288 - aggregator - INFO - Aggregator initialized MPC player Katherine-U1GN4
2023-04-04 11:43:54,399 - aggregator - INFO - Aggregator initialized MPC player Evelyn-NYYEI
2023-04-04 11:43:54,499 - aggregator - INFO - Aggregator initialized MPC player Robin-NB089
2023-04-04 11:43:54,595 - aggregator - INFO - Aggregator initialized MPC player Arron-5TSDV
2023-04-04 11:43:54,704 - aggregator - INFO - Aggregator initialized MPC player Marquerite-EPELW
2023-04-04 11:43:54,815 - aggregator - INFO - Aggregator initialized MPC player Nadine-D73XI
2023-04-04 11:43:54,925 - aggregator - INFO - Aggregator initialized MPC player Edward-HUHS3
2023-04-04 11:43:55,033 - aggregator - INFO - Aggregator initialized MPC player Glenda-VUXFP
2023-04-04 11:49:52,251 - aggregator - INFO - Set the version write out to marl_test
2023-04-04 11:49:52,251 - aggregator - INFO - Start: 2015-01-01T00:00:00; End: 2015-01-01T02:00:00; Number of hours: 2
2023-04-04 11:49:52,479 - aggregator - INFO - Made it to Aggregator Run
2023-04-04 11:49:52,487 - aggregator - INFO - Flushing Redis
2023-04-04 11:49:57,109 - aggregator - INFO - Homes looking ok!
2023-04-04 11:49:57,117 - aggregator - INFO - Starting aioredis listener...
2023-04-04 11:49:57,535 - aggregator - INFO - Aggregator initialized MPC player Ryan-HPN1D
2023-04-04 11:49:57,642 - aggregator - INFO - Aggregator initialized MPC player Katherine-U1GN4
2023-04-04 11:49:57,751 - aggregator - INFO - Aggregator initialized MPC player Evelyn-NYYEI
2023-04-04 11:49:57,860 - aggregator - INFO - Aggregator initialized MPC player Robin-NB089
2023-04-04 11:49:57,969 - aggregator - INFO - Aggregator initialized MPC player Arron-5TSDV
2023-04-04 11:49:58,080 - aggregator - INFO - Aggregator initialized MPC player Marquerite-EPELW
2023-04-04 11:49:58,190 - aggregator - INFO - Aggregator initialized MPC player Nadine-D73XI
2023-04-04 11:49:58,301 - aggregator - INFO - Aggregator initialized MPC player Edward-HUHS3
2023-04-04 11:49:58,409 - aggregator - INFO - Aggregator initialized MPC player Glenda-VUXFP
2023-04-04 12:34:52,873 - aggregator - INFO - Set the version write out to marl_test
2023-04-04 12:34:52,873 - aggregator - INFO - Start: 2015-01-01T00:00:00; End: 2015-01-01T02:00:00; Number of hours: 2
2023-04-04 12:34:52,998 - aggregator - INFO - Made it to Aggregator Run
2023-04-04 12:34:53,009 - aggregator - INFO - Flushing Redis
2023-04-04 12:34:57,541 - aggregator - INFO - Homes looking ok!
2023-04-04 12:34:57,549 - aggregator - INFO - Starting aioredis listener...
2023-04-04 12:34:57,967 - aggregator - INFO - Aggregator initialized MPC player Ryan-HPN1D
2023-04-04 12:34:58,075 - aggregator - INFO - Aggregator initialized MPC player Katherine-U1GN4
2023-04-04 12:34:58,182 - aggregator - INFO - Aggregator initialized MPC player Evelyn-NYYEI
2023-04-04 12:34:58,292 - aggregator - INFO - Aggregator initialized MPC player Robin-NB089
2023-04-04 12:34:58,401 - aggregator - INFO - Aggregator initialized MPC player Arron-5TSDV
2023-04-04 12:34:58,509 - aggregator - INFO - Aggregator initialized MPC player Marquerite-EPELW
2023-04-04 12:34:58,618 - aggregator - INFO - Aggregator initialized MPC player Nadine-D73XI
2023-04-04 12:34:58,729 - aggregator - INFO - Aggregator initialized MPC player Edward-HUHS3
2023-04-04 12:34:58,840 - aggregator - INFO - Aggregator initialized MPC player Glenda-VUXFP
2023-04-04 13:09:34,748 - aggregator - INFO - Set the version write out to marl_test
2023-04-04 13:09:34,749 - aggregator - INFO - Start: 2015-01-01T00:00:00; End: 2015-01-01T02:00:00; Number of hours: 2
2023-04-04 13:09:35,002 - aggregator - INFO - Made it to Aggregator Run
2023-04-04 13:09:35,010 - aggregator - INFO - Flushing Redis
2023-04-04 13:09:39,464 - aggregator - INFO - Homes looking ok!
2023-04-04 13:09:39,474 - aggregator - INFO - Starting aioredis listener...
2023-04-04 13:09:39,893 - aggregator - INFO - Aggregator initialized MPC player Ryan-HPN1D
2023-04-04 13:09:40,006 - aggregator - INFO - Aggregator initialized MPC player Katherine-U1GN4
2023-04-04 13:09:40,113 - aggregator - INFO - Aggregator initialized MPC player Evelyn-NYYEI
2023-04-04 13:09:40,224 - aggregator - INFO - Aggregator initialized MPC player Robin-NB089
2023-04-04 13:09:40,333 - aggregator - INFO - Aggregator initialized MPC player Arron-5TSDV
2023-04-04 13:09:40,441 - aggregator - INFO - Aggregator initialized MPC player Marquerite-EPELW
2023-04-04 13:09:40,550 - aggregator - INFO - Aggregator initialized MPC player Nadine-D73XI
2023-04-04 13:09:40,663 - aggregator - INFO - Aggregator initialized MPC player Edward-HUHS3
2023-04-04 13:09:40,774 - aggregator - INFO - Aggregator initialized MPC player Glenda-VUXFP
2023-04-04 13:11:33,193 - aggregator - INFO - Set the version write out to marl_test
2023-04-04 13:11:33,194 - aggregator - INFO - Start: 2015-01-01T00:00:00; End: 2015-01-01T02:00:00; Number of hours: 2
2023-04-04 13:11:33,313 - aggregator - INFO - Made it to Aggregator Run
2023-04-04 13:11:33,324 - aggregator - INFO - Flushing Redis
2023-04-04 13:11:37,910 - aggregator - INFO - Homes looking ok!
2023-04-04 13:11:37,919 - aggregator - INFO - Starting aioredis listener...
2023-04-04 13:11:38,336 - aggregator - INFO - Aggregator initialized MPC player Ryan-HPN1D
2023-04-04 13:11:38,442 - aggregator - INFO - Aggregator initialized MPC player Katherine-U1GN4
2023-04-04 13:11:38,551 - aggregator - INFO - Aggregator initialized MPC player Evelyn-NYYEI
2023-04-04 13:11:38,661 - aggregator - INFO - Aggregator initialized MPC player Robin-NB089
2023-04-04 13:11:38,768 - aggregator - INFO - Aggregator initialized MPC player Arron-5TSDV
2023-04-04 13:11:38,877 - aggregator - INFO - Aggregator initialized MPC player Marquerite-EPELW
2023-04-04 13:11:38,987 - aggregator - INFO - Aggregator initialized MPC player Nadine-D73XI
2023-04-04 13:11:39,096 - aggregator - INFO - Aggregator initialized MPC player Edward-HUHS3
2023-04-04 13:11:39,204 - aggregator - INFO - Aggregator initialized MPC player Glenda-VUXFP
2023-04-04 13:14:03,048 - aggregator - INFO - Set the version write out to marl_test
2023-04-04 13:14:03,048 - aggregator - INFO - Start: 2015-01-01T00:00:00; End: 2015-01-01T02:00:00; Number of hours: 2
2023-04-04 13:14:03,178 - aggregator - INFO - Made it to Aggregator Run
2023-04-04 13:14:03,187 - aggregator - INFO - Flushing Redis
2023-04-04 13:14:07,661 - aggregator - INFO - Homes looking ok!
2023-04-04 13:14:07,670 - aggregator - INFO - Starting aioredis listener...
2023-04-04 13:14:08,091 - aggregator - INFO - Aggregator initialized MPC player Ryan-HPN1D
2023-04-04 13:14:08,200 - aggregator - INFO - Aggregator initialized MPC player Katherine-U1GN4
2023-04-04 13:14:08,309 - aggregator - INFO - Aggregator initialized MPC player Evelyn-NYYEI
2023-04-04 13:14:08,417 - aggregator - INFO - Aggregator initialized MPC player Robin-NB089
2023-04-04 13:14:08,528 - aggregator - INFO - Aggregator initialized MPC player Arron-5TSDV
2023-04-04 13:14:08,637 - aggregator - INFO - Aggregator initialized MPC player Marquerite-EPELW
2023-04-04 13:14:08,747 - aggregator - INFO - Aggregator initialized MPC player Nadine-D73XI
2023-04-04 13:14:08,849 - aggregator - INFO - Aggregator initialized MPC player Edward-HUHS3
2023-04-04 13:14:08,958 - aggregator - INFO - Aggregator initialized MPC player Glenda-VUXFP
2023-04-04 13:20:27,583 - aggregator - INFO - Set the version write out to marl_test
2023-04-04 13:20:27,583 - aggregator - INFO - Start: 2015-01-01T00:00:00; End: 2015-01-01T02:00:00; Number of hours: 2
2023-04-04 13:20:27,709 - aggregator - INFO - Made it to Aggregator Run
2023-04-04 13:20:27,719 - aggregator - INFO - Flushing Redis
2023-04-04 13:20:32,241 - aggregator - INFO - Homes looking ok!
2023-04-04 13:20:32,249 - aggregator - INFO - Starting aioredis listener...
2023-04-04 13:20:32,667 - aggregator - INFO - Aggregator initialized MPC player Ryan-HPN1D
2023-04-04 13:20:32,777 - aggregator - INFO - Aggregator initialized MPC player Katherine-U1GN4
2023-04-04 13:20:32,883 - aggregator - INFO - Aggregator initialized MPC player Evelyn-NYYEI
2023-04-04 13:20:32,994 - aggregator - INFO - Aggregator initialized MPC player Robin-NB089
2023-04-04 13:20:33,103 - aggregator - INFO - Aggregator initialized MPC player Arron-5TSDV
2023-04-04 13:20:33,213 - aggregator - INFO - Aggregator initialized MPC player Marquerite-EPELW
2023-04-04 13:20:33,323 - aggregator - INFO - Aggregator initialized MPC player Nadine-D73XI
2023-04-04 13:20:33,434 - aggregator - INFO - Aggregator initialized MPC player Edward-HUHS3
2023-04-04 13:20:33,542 - aggregator - INFO - Aggregator initialized MPC player Glenda-VUXFP
2023-04-04 13:24:21,916 - aggregator - INFO - Set the version write out to marl_test
2023-04-04 13:24:21,916 - aggregator - INFO - Start: 2015-01-01T00:00:00; End: 2015-01-01T02:00:00; Number of hours: 2
2023-04-04 13:24:22,063 - aggregator - INFO - Made it to Aggregator Run
2023-04-04 13:24:22,077 - aggregator - INFO - Flushing Redis
2023-04-04 13:24:26,539 - aggregator - INFO - Homes looking ok!
2023-04-04 13:24:26,549 - aggregator - INFO - Starting aioredis listener...
2023-04-04 13:24:26,969 - aggregator - INFO - Aggregator initialized MPC player Ryan-HPN1D
2023-04-04 13:24:27,077 - aggregator - INFO - Aggregator initialized MPC player Katherine-U1GN4
2023-04-04 13:24:27,189 - aggregator - INFO - Aggregator initialized MPC player Evelyn-NYYEI
2023-04-04 13:24:27,299 - aggregator - INFO - Aggregator initialized MPC player Robin-NB089
2023-04-04 13:24:27,412 - aggregator - INFO - Aggregator initialized MPC player Arron-5TSDV
2023-04-04 13:24:27,528 - aggregator - INFO - Aggregator initialized MPC player Marquerite-EPELW
2023-04-04 13:24:27,640 - aggregator - INFO - Aggregator initialized MPC player Nadine-D73XI
2023-04-04 13:24:27,742 - aggregator - INFO - Aggregator initialized MPC player Edward-HUHS3
2023-04-04 13:24:27,855 - aggregator - INFO - Aggregator initialized MPC player Glenda-VUXFP
2023-04-04 15:19:39,309 - aggregator - INFO - Set the version write out to marl_test
2023-04-04 15:19:39,309 - aggregator - INFO - Start: 2015-01-01T00:00:00; End: 2015-01-01T02:00:00; Number of hours: 2
2023-04-04 15:19:39,414 - aggregator - INFO - Made it to Aggregator Run
2023-04-04 15:19:39,426 - aggregator - INFO - Flushing Redis
2023-04-04 15:19:44,008 - aggregator - INFO - Homes looking ok!
2023-04-04 15:19:44,016 - aggregator - INFO - Starting aioredis listener...
2023-04-04 15:19:44,419 - aggregator - INFO - Aggregator initialized MPC player Ryan-HPN1D
2023-04-04 15:19:44,516 - aggregator - INFO - Aggregator initialized MPC player Katherine-U1GN4
2023-04-04 15:19:44,611 - aggregator - INFO - Aggregator initialized MPC player Evelyn-NYYEI
2023-04-04 15:19:44,708 - aggregator - INFO - Aggregator initialized MPC player Robin-NB089
2023-04-04 15:19:44,803 - aggregator - INFO - Aggregator initialized MPC player Arron-5TSDV
2023-04-04 15:19:44,898 - aggregator - INFO - Aggregator initialized MPC player Marquerite-EPELW
2023-04-04 15:19:44,996 - aggregator - INFO - Aggregator initialized MPC player Nadine-D73XI
2023-04-04 15:19:45,093 - aggregator - INFO - Aggregator initialized MPC player Edward-HUHS3
2023-04-04 15:19:45,188 - aggregator - INFO - Aggregator initialized MPC player Glenda-VUXFP
2023-04-04 15:22:33,044 - aggregator - INFO - Set the version write out to marl_test
2023-04-04 15:22:33,045 - aggregator - INFO - Start: 2015-01-01T00:00:00; End: 2015-01-01T02:00:00; Number of hours: 2
2023-04-04 15:22:33,142 - aggregator - INFO - Made it to Aggregator Run
2023-04-04 15:22:33,150 - aggregator - INFO - Flushing Redis
2023-04-04 15:22:37,656 - aggregator - INFO - Homes looking ok!
2023-04-04 15:22:37,664 - aggregator - INFO - Starting aioredis listener...
2023-04-04 15:22:38,072 - aggregator - INFO - Aggregator initialized MPC player Ryan-HPN1D
2023-04-04 15:22:38,170 - aggregator - INFO - Aggregator initialized MPC player Katherine-U1GN4
2023-04-04 15:22:38,264 - aggregator - INFO - Aggregator initialized MPC player Evelyn-NYYEI
2023-04-04 15:22:38,365 - aggregator - INFO - Aggregator initialized MPC player Robin-NB089
2023-04-04 15:22:38,462 - aggregator - INFO - Aggregator initialized MPC player Arron-5TSDV
2023-04-04 15:22:38,561 - aggregator - INFO - Aggregator initialized MPC player Marquerite-EPELW
2023-04-04 15:22:38,659 - aggregator - INFO - Aggregator initialized MPC player Nadine-D73XI
2023-04-04 15:22:38,760 - aggregator - INFO - Aggregator initialized MPC player Edward-HUHS3
2023-04-04 15:22:38,859 - aggregator - INFO - Aggregator initialized MPC player Glenda-VUXFP
2023-04-04 15:24:13,481 - aggregator - INFO - Set the version write out to marl_test
2023-04-04 15:24:13,482 - aggregator - INFO - Start: 2015-01-01T00:00:00; End: 2015-01-01T02:00:00; Number of hours: 2
2023-04-04 15:24:13,580 - aggregator - INFO - Made it to Aggregator Run
2023-04-04 15:24:13,588 - aggregator - INFO - Flushing Redis
2023-04-04 15:24:18,060 - aggregator - INFO - Homes looking ok!
2023-04-04 15:24:18,067 - aggregator - INFO - Starting aioredis listener...
2023-04-04 15:24:18,472 - aggregator - INFO - Aggregator initialized MPC player Ryan-HPN1D
2023-04-04 15:24:18,572 - aggregator - INFO - Aggregator initialized MPC player Katherine-U1GN4
2023-04-04 15:24:18,670 - aggregator - INFO - Aggregator initialized MPC player Evelyn-NYYEI
2023-04-04 15:24:18,769 - aggregator - INFO - Aggregator initialized MPC player Robin-NB089
2023-04-04 15:24:18,866 - aggregator - INFO - Aggregator initialized MPC player Arron-5TSDV
2023-04-04 15:24:18,964 - aggregator - INFO - Aggregator initialized MPC player Marquerite-EPELW
2023-04-04 15:24:19,063 - aggregator - INFO - Aggregator initialized MPC player Nadine-D73XI
2023-04-04 15:24:19,166 - aggregator - INFO - Aggregator initialized MPC player Edward-HUHS3
2023-04-04 15:24:19,266 - aggregator - INFO - Aggregator initialized MPC player Glenda-VUXFP
2023-04-04 15:24:19,670 - aggregator - INFO - Player 1/1 updated demand at t=1.
2023-04-04 15:24:21,260 - aggregator - INFO - At time t=0 aggregate load is 0.83 kW.
2023-04-04 15:24:21,463 - aggregator - INFO - Player 1/1 updated demand at t=2.
2023-04-04 15:24:22,389 - aggregator - INFO - At time t=1 aggregate load is 0.83 kW.
2023-04-04 15:24:22,591 - aggregator - INFO - Player 1/1 updated demand at t=3.
2023-04-04 15:24:23,509 - aggregator - INFO - At time t=2 aggregate load is 0.0 kW.
2023-04-04 15:24:23,711 - aggregator - INFO - Player 1/1 updated demand at t=4.
2023-04-04 15:24:24,626 - aggregator - INFO - At time t=3 aggregate load is 0.0 kW.
2023-04-04 15:24:24,829 - aggregator - INFO - Horizon: 1; Num Hours Simulated: 2; Run time: 11.24948 seconds
2023-04-04 15:52:02,978 - aggregator - INFO - Set the version write out to marl_test
2023-04-04 15:52:02,979 - aggregator - INFO - Start: 2015-01-01T00:00:00; End: 2015-01-01T02:00:00; Number of hours: 2
2023-04-04 15:52:03,129 - aggregator - INFO - Made it to Aggregator Run
2023-04-04 15:52:03,148 - aggregator - INFO - Flushing Redis
2023-04-04 15:52:07,542 - aggregator - INFO - Homes looking ok!
2023-04-04 15:52:07,550 - aggregator - INFO - Starting aioredis listener...
2023-04-04 15:52:07,971 - aggregator - INFO - Aggregator initialized MPC player Ryan-HPN1D
2023-04-04 15:52:08,085 - aggregator - INFO - Aggregator initialized MPC player Katherine-U1GN4
2023-04-04 15:52:08,196 - aggregator - INFO - Aggregator initialized MPC player Evelyn-NYYEI
2023-04-04 15:52:08,311 - aggregator - INFO - Aggregator initialized MPC player Robin-NB089
2023-04-04 15:52:08,422 - aggregator - INFO - Aggregator initialized MPC player Arron-5TSDV
2023-04-04 15:52:08,525 - aggregator - INFO - Aggregator initialized MPC player Marquerite-EPELW
2023-04-04 15:52:08,626 - aggregator - INFO - Aggregator initialized MPC player Nadine-D73XI
2023-04-04 15:52:08,735 - aggregator - INFO - Aggregator initialized MPC player Edward-HUHS3
2023-04-04 15:52:08,846 - aggregator - INFO - Aggregator initialized MPC player Glenda-VUXFP
2023-04-04 15:55:48,849 - aggregator - INFO - Set the version write out to marl_test
2023-04-04 15:55:48,849 - aggregator - INFO - Start: 2015-01-01T00:00:00; End: 2015-01-01T02:00:00; Number of hours: 2
2023-04-04 15:55:48,994 - aggregator - INFO - Made it to Aggregator Run
2023-04-04 15:55:49,005 - aggregator - INFO - Flushing Redis
2023-04-04 15:55:53,472 - aggregator - INFO - Homes looking ok!
2023-04-04 15:55:53,481 - aggregator - INFO - Starting aioredis listener...
2023-04-04 15:55:53,901 - aggregator - INFO - Aggregator initialized MPC player Ryan-HPN1D
2023-04-04 15:55:54,016 - aggregator - INFO - Aggregator initialized MPC player Katherine-U1GN4
2023-04-04 15:55:54,131 - aggregator - INFO - Aggregator initialized MPC player Evelyn-NYYEI
2023-04-04 15:55:54,247 - aggregator - INFO - Aggregator initialized MPC player Robin-NB089
2023-04-04 15:55:54,360 - aggregator - INFO - Aggregator initialized MPC player Arron-5TSDV
2023-04-04 15:55:54,461 - aggregator - INFO - Aggregator initialized MPC player Marquerite-EPELW
2023-04-04 15:55:54,565 - aggregator - INFO - Aggregator initialized MPC player Nadine-D73XI
2023-04-04 15:55:54,681 - aggregator - INFO - Aggregator initialized MPC player Edward-HUHS3
2023-04-04 15:55:54,794 - aggregator - INFO - Aggregator initialized MPC player Glenda-VUXFP
2023-04-04 15:56:33,881 - aggregator - INFO - Set the version write out to marl_test
2023-04-04 15:56:33,882 - aggregator - INFO - Start: 2015-01-01T00:00:00; End: 2015-01-01T02:00:00; Number of hours: 2
2023-04-04 15:56:34,002 - aggregator - INFO - Made it to Aggregator Run
2023-04-04 15:56:34,010 - aggregator - INFO - Flushing Redis
2023-04-04 15:56:38,624 - aggregator - INFO - Homes looking ok!
2023-04-04 15:56:38,632 - aggregator - INFO - Starting aioredis listener...
2023-04-04 15:56:39,050 - aggregator - INFO - Aggregator initialized MPC player Ryan-HPN1D
2023-04-04 15:56:39,162 - aggregator - INFO - Aggregator initialized MPC player Katherine-U1GN4
2023-04-04 15:56:39,276 - aggregator - INFO - Aggregator initialized MPC player Evelyn-NYYEI
2023-04-04 15:56:39,388 - aggregator - INFO - Aggregator initialized MPC player Robin-NB089
2023-04-04 15:56:39,501 - aggregator - INFO - Aggregator initialized MPC player Arron-5TSDV
2023-04-04 15:56:39,612 - aggregator - INFO - Aggregator initialized MPC player Marquerite-EPELW
2023-04-04 15:56:39,725 - aggregator - INFO - Aggregator initialized MPC player Nadine-D73XI
2023-04-04 15:56:39,834 - aggregator - INFO - Aggregator initialized MPC player Edward-HUHS3
2023-04-04 15:56:39,951 - aggregator - INFO - Aggregator initialized MPC player Glenda-VUXFP
2023-04-04 15:59:21,731 - aggregator - INFO - Set the version write out to marl_test
2023-04-04 15:59:21,731 - aggregator - INFO - Start: 2015-01-01T00:00:00; End: 2015-01-01T02:00:00; Number of hours: 2
2023-04-04 15:59:21,830 - aggregator - INFO - Made it to Aggregator Run
2023-04-04 15:59:21,841 - aggregator - INFO - Flushing Redis
2023-04-04 15:59:26,267 - aggregator - INFO - Homes looking ok!
2023-04-04 15:59:26,277 - aggregator - INFO - Starting aioredis listener...
2023-04-04 15:59:26,697 - aggregator - INFO - Aggregator initialized MPC player Ryan-HPN1D
2023-04-04 15:59:26,811 - aggregator - INFO - Aggregator initialized MPC player Katherine-U1GN4
2023-04-04 15:59:26,924 - aggregator - INFO - Aggregator initialized MPC player Evelyn-NYYEI
2023-04-04 15:59:27,028 - aggregator - INFO - Aggregator initialized MPC player Robin-NB089
2023-04-04 15:59:27,128 - aggregator - INFO - Aggregator initialized MPC player Arron-5TSDV
2023-04-04 15:59:27,236 - aggregator - INFO - Aggregator initialized MPC player Marquerite-EPELW
2023-04-04 15:59:27,350 - aggregator - INFO - Aggregator initialized MPC player Nadine-D73XI
2023-04-04 15:59:27,462 - aggregator - INFO - Aggregator initialized MPC player Edward-HUHS3
2023-04-04 15:59:27,573 - aggregator - INFO - Aggregator initialized MPC player Glenda-VUXFP
2023-04-04 16:01:49,477 - aggregator - INFO - Set the version write out to marl_test
2023-04-04 16:01:49,478 - aggregator - INFO - Start: 2015-01-01T00:00:00; End: 2015-01-01T02:00:00; Number of hours: 2
2023-04-04 16:01:49,580 - aggregator - INFO - Made it to Aggregator Run
2023-04-04 16:01:49,592 - aggregator - INFO - Flushing Redis
2023-04-04 16:01:54,254 - aggregator - INFO - Homes looking ok!
2023-04-04 16:01:54,263 - aggregator - INFO - Starting aioredis listener...
2023-04-04 16:01:54,686 - aggregator - INFO - Aggregator initialized MPC player Ryan-HPN1D
2023-04-04 16:01:54,797 - aggregator - INFO - Aggregator initialized MPC player Katherine-U1GN4
2023-04-04 16:01:54,906 - aggregator - INFO - Aggregator initialized MPC player Evelyn-NYYEI
2023-04-04 16:01:55,005 - aggregator - INFO - Aggregator initialized MPC player Robin-NB089
2023-04-04 16:01:55,117 - aggregator - INFO - Aggregator initialized MPC player Arron-5TSDV
2023-04-04 16:01:55,227 - aggregator - INFO - Aggregator initialized MPC player Marquerite-EPELW
2023-04-04 16:01:55,340 - aggregator - INFO - Aggregator initialized MPC player Nadine-D73XI
2023-04-04 16:01:55,451 - aggregator - INFO - Aggregator initialized MPC player Edward-HUHS3
2023-04-04 16:01:55,559 - aggregator - INFO - Aggregator initialized MPC player Glenda-VUXFP
2023-04-04 16:03:33,285 - aggregator - INFO - Set the version write out to marl_test
2023-04-04 16:03:33,286 - aggregator - INFO - Start: 2015-01-01T00:00:00; End: 2015-01-01T02:00:00; Number of hours: 2
2023-04-04 16:03:33,412 - aggregator - INFO - Made it to Aggregator Run
2023-04-04 16:03:33,419 - aggregator - INFO - Flushing Redis
2023-04-04 16:03:37,890 - aggregator - INFO - Homes looking ok!
2023-04-04 16:03:37,898 - aggregator - INFO - Starting aioredis listener...
2023-04-04 16:03:38,318 - aggregator - INFO - Aggregator initialized MPC player Ryan-HPN1D
2023-04-04 16:03:38,431 - aggregator - INFO - Aggregator initialized MPC player Katherine-U1GN4
2023-04-04 16:03:38,543 - aggregator - INFO - Aggregator initialized MPC player Evelyn-NYYEI
2023-04-04 16:03:38,655 - aggregator - INFO - Aggregator initialized MPC player Robin-NB089
2023-04-04 16:03:38,764 - aggregator - INFO - Aggregator initialized MPC player Arron-5TSDV
2023-04-04 16:03:38,878 - aggregator - INFO - Aggregator initialized MPC player Marquerite-EPELW
2023-04-04 16:03:38,989 - aggregator - INFO - Aggregator initialized MPC player Nadine-D73XI
2023-04-04 16:03:39,096 - aggregator - INFO - Aggregator initialized MPC player Edward-HUHS3
2023-04-04 16:03:39,207 - aggregator - INFO - Aggregator initialized MPC player Glenda-VUXFP
2023-04-04 16:07:53,945 - aggregator - INFO - Set the version write out to marl_test
2023-04-04 16:07:53,946 - aggregator - INFO - Start: 2015-01-01T00:00:00; End: 2015-01-01T02:00:00; Number of hours: 2
2023-04-04 16:07:54,075 - aggregator - INFO - Made it to Aggregator Run
2023-04-04 16:07:54,085 - aggregator - INFO - Flushing Redis
2023-04-04 16:07:58,580 - aggregator - INFO - Homes looking ok!
2023-04-04 16:07:58,588 - aggregator - INFO - Starting aioredis listener...
2023-04-04 16:07:59,008 - aggregator - INFO - Aggregator initialized MPC player Ryan-HPN1D
2023-04-04 16:07:59,120 - aggregator - INFO - Aggregator initialized MPC player Katherine-U1GN4
2023-04-04 16:07:59,235 - aggregator - INFO - Aggregator initialized MPC player Evelyn-NYYEI
2023-04-04 16:07:59,349 - aggregator - INFO - Aggregator initialized MPC player Robin-NB089
2023-04-04 16:07:59,462 - aggregator - INFO - Aggregator initialized MPC player Arron-5TSDV
2023-04-04 16:07:59,570 - aggregator - INFO - Aggregator initialized MPC player Marquerite-EPELW
2023-04-04 16:07:59,685 - aggregator - INFO - Aggregator initialized MPC player Nadine-D73XI
2023-04-04 16:07:59,795 - aggregator - INFO - Aggregator initialized MPC player Edward-HUHS3
2023-04-04 16:07:59,908 - aggregator - INFO - Aggregator initialized MPC player Glenda-VUXFP
2023-04-04 16:08:00,313 - aggregator - INFO - Player 1/1 updated demand at t=1.
2023-04-04 16:08:01,990 - aggregator - INFO - At time t=0 aggregate load is 2.37 kW.
2023-04-04 16:08:02,192 - aggregator - INFO - Player 1/1 updated demand at t=2.
2023-04-04 16:08:03,071 - aggregator - INFO - At time t=1 aggregate load is 6.54 kW.
2023-04-04 16:08:03,271 - aggregator - INFO - Player 1/1 updated demand at t=3.
2023-04-04 16:08:04,207 - aggregator - INFO - At time t=2 aggregate load is 7.37 kW.
2023-04-04 16:08:04,409 - aggregator - INFO - Player 1/1 updated demand at t=4.
2023-04-04 16:08:05,322 - aggregator - INFO - At time t=3 aggregate load is 6.54 kW.
2023-04-04 16:08:05,525 - aggregator - INFO - Horizon: 1; Num Hours Simulated: 2; Run time: 11.449286 seconds
