2023-03-14 14:26:55,757 - player - INFO - Welcome PLAYER
2023-03-14 14:26:55,909 - player - INFO - PLAYER initialized player at t = 0.
2023-03-14 14:26:57,458 - player - INFO - Resetting the player's environment.
2023-03-14 14:26:57,460 - player - INFO - PLAYER reset at t = 0.
2023-03-14 14:26:57,642 - player - INFO - Resetting the player's environment.
2023-03-14 14:26:57,643 - player - INFO - PLAYER reset at t = 0.
2023-03-14 14:26:57,832 - player - INFO - PLAYER updated at t = 1.
2023-03-14 14:27:00,502 - player - INFO - PLAYER updated at t = 2.
2023-03-14 14:27:02,118 - player - INFO - PLAYER updated at t = 3.
2023-03-14 14:27:03,895 - player - INFO - PLAYER updated at t = 4.
2023-03-14 14:27:05,635 - player - INFO - PLAYER done at t = 4.
2023-03-16 19:34:49,313 - player - INFO - Welcome PLAYER
2023-03-16 19:34:49,497 - player - INFO - PLAYER initialized player at t = 0.
2023-03-16 19:34:51,280 - player - INFO - Resetting the player's environment.
2023-03-16 19:34:51,282 - player - INFO - PLAYER reset at t = 0.
2023-03-16 19:34:51,500 - player - INFO - Resetting the player's environment.
2023-03-16 19:34:51,501 - player - INFO - PLAYER reset at t = 0.
2023-03-16 19:34:51,723 - player - INFO - PLAYER updated at t = 1.
2023-03-16 19:34:54,695 - player - INFO - PLAYER updated at t = 2.
2023-03-16 19:34:56,408 - player - INFO - PLAYER updated at t = 3.
2023-03-16 19:34:58,191 - player - INFO - PLAYER updated at t = 4.
2023-03-16 19:34:59,924 - player - INFO - PLAYER done at t = 4.
2023-03-27 21:39:48,821 - player - INFO - Welcome PLAYER
2023-03-27 21:39:49,006 - player - INFO - PLAYER initialized player at t = 0.
2023-03-27 21:39:50,789 - player - INFO - Resetting the player's environment.
2023-03-27 21:39:50,791 - player - INFO - PLAYER reset at t = 0.
2023-03-27 21:39:51,009 - player - INFO - Resetting the player's environment.
2023-03-27 21:39:51,010 - player - INFO - PLAYER reset at t = 0.
2023-03-27 21:42:06,250 - player - INFO - Welcome PLAYER
2023-03-27 21:42:06,417 - player - INFO - PLAYER initialized player at t = 0.
2023-03-27 21:42:08,214 - player - INFO - Resetting the player's environment.
2023-03-27 21:42:08,216 - player - INFO - PLAYER reset at t = 0.
2023-03-27 21:42:08,414 - player - INFO - Resetting the player's environment.
2023-03-27 21:42:08,416 - player - INFO - PLAYER reset at t = 0.
2023-03-27 21:43:16,763 - player - INFO - Welcome PLAYER
2023-03-27 21:43:16,929 - player - INFO - PLAYER initialized player at t = 0.
2023-03-27 21:43:18,740 - player - INFO - Resetting the player's environment.
2023-03-27 21:43:18,742 - player - INFO - PLAYER reset at t = 0.
2023-03-27 21:43:18,949 - player - INFO - Resetting the player's environment.
2023-03-27 21:43:18,951 - player - INFO - PLAYER reset at t = 0.
2023-03-27 21:46:07,450 - player - INFO - Welcome PLAYER
2023-03-27 21:46:07,631 - player - INFO - PLAYER initialized player at t = 0.
2023-03-27 21:46:09,430 - player - INFO - Resetting the player's environment.
2023-03-27 21:46:09,432 - player - INFO - PLAYER reset at t = 0.
2023-03-27 21:46:09,639 - player - INFO - Resetting the player's environment.
2023-03-27 21:46:09,640 - player - INFO - PLAYER reset at t = 0.
2023-03-27 21:46:45,737 - player - INFO - Welcome PLAYER
2023-03-27 21:46:45,920 - player - INFO - PLAYER initialized player at t = 0.
2023-03-27 21:46:47,675 - player - INFO - Resetting the player's environment.
2023-03-27 21:46:47,677 - player - INFO - PLAYER reset at t = 0.
2023-03-27 21:46:47,883 - player - INFO - Resetting the player's environment.
2023-03-27 21:46:47,884 - player - INFO - PLAYER reset at t = 0.
2023-03-27 21:52:07,144 - player - INFO - Welcome PLAYER
2023-03-27 21:52:07,326 - player - INFO - PLAYER initialized player at t = 0.
2023-03-27 21:52:09,123 - player - INFO - Resetting the player's environment.
2023-03-27 21:52:09,125 - player - INFO - PLAYER reset at t = 0.
2023-03-27 21:52:09,332 - player - INFO - Resetting the player's environment.
2023-03-27 21:52:09,334 - player - INFO - PLAYER reset at t = 0.
2023-03-27 22:00:53,271 - player - INFO - Welcome PLAYER
2023-03-27 22:00:53,451 - player - INFO - PLAYER initialized player at t = 0.
2023-03-27 22:00:55,262 - player - INFO - Resetting the player's environment.
2023-03-27 22:00:55,263 - player - INFO - PLAYER reset at t = 0.
2023-03-27 22:00:55,470 - player - INFO - Resetting the player's environment.
2023-03-27 22:00:55,471 - player - INFO - PLAYER reset at t = 0.
2023-03-27 22:03:09,869 - player - INFO - Welcome PLAYER
2023-03-27 22:03:10,052 - player - INFO - PLAYER initialized player at t = 0.
2023-03-27 22:03:11,838 - player - INFO - Resetting the player's environment.
2023-03-27 22:03:11,839 - player - INFO - PLAYER reset at t = 0.
2023-03-27 22:03:12,042 - player - INFO - Resetting the player's environment.
2023-03-27 22:03:12,044 - player - INFO - PLAYER reset at t = 0.
2023-03-27 22:04:31,190 - player - INFO - Welcome PLAYER
2023-03-27 22:04:31,373 - player - INFO - PLAYER initialized player at t = 0.
2023-03-27 22:04:33,153 - player - INFO - Resetting the player's environment.
2023-03-27 22:04:33,154 - player - INFO - PLAYER reset at t = 0.
2023-03-27 22:04:33,361 - player - INFO - Resetting the player's environment.
2023-03-27 22:04:33,362 - player - INFO - PLAYER reset at t = 0.
2023-03-27 22:29:46,483 - player - INFO - Welcome PLAYER
2023-03-27 22:29:46,665 - player - INFO - PLAYER initialized player at t = 0.
2023-03-27 22:29:48,430 - player - INFO - Resetting the player's environment.
2023-03-27 22:29:48,431 - player - INFO - PLAYER reset at t = 0.
2023-03-27 22:47:43,803 - player - INFO - Welcome PLAYER
2023-03-27 22:47:43,992 - player - INFO - PLAYER initialized player at t = 0.
2023-03-27 22:47:45,807 - player - INFO - Resetting the player's environment.
2023-03-27 22:47:45,808 - player - INFO - PLAYER reset at t = 0.
2023-03-27 22:52:17,931 - player - INFO - Welcome PLAYER
2023-03-27 22:52:18,115 - player - INFO - PLAYER initialized player at t = 0.
2023-03-27 22:52:19,865 - player - INFO - Resetting the player's environment.
2023-03-27 22:52:19,867 - player - INFO - PLAYER reset at t = 0.
2023-03-27 22:52:20,064 - player - INFO - Resetting the player's environment.
2023-03-27 22:52:20,065 - player - INFO - PLAYER reset at t = 0.
2023-03-27 22:59:08,914 - player - INFO - Welcome PLAYER
2023-03-27 22:59:09,101 - player - INFO - PLAYER initialized player at t = 0.
2023-03-27 22:59:10,883 - player - INFO - Resetting the player's environment.
2023-03-27 22:59:10,885 - player - INFO - PLAYER reset at t = 0.
2023-03-27 22:59:11,095 - player - INFO - Resetting the player's environment.
2023-03-27 22:59:11,096 - player - INFO - PLAYER reset at t = 0.
2023-03-27 23:01:11,219 - player - INFO - Welcome PLAYER
2023-03-27 23:01:11,399 - player - INFO - PLAYER initialized player at t = 0.
2023-03-27 23:01:13,186 - player - INFO - Resetting the player's environment.
2023-03-27 23:01:13,188 - player - INFO - PLAYER reset at t = 0.
2023-03-27 23:01:13,395 - player - INFO - Resetting the player's environment.
2023-03-27 23:01:13,397 - player - INFO - PLAYER reset at t = 0.
2023-03-27 23:02:06,264 - player - INFO - Welcome PLAYER
2023-03-27 23:02:06,443 - player - INFO - PLAYER initialized player at t = 0.
2023-03-27 23:02:08,238 - player - INFO - Resetting the player's environment.
2023-03-27 23:02:08,240 - player - INFO - PLAYER reset at t = 0.
2023-03-27 23:02:08,445 - player - INFO - Resetting the player's environment.
2023-03-27 23:02:08,446 - player - INFO - PLAYER reset at t = 0.
2023-03-27 23:04:45,409 - player - INFO - Welcome PLAYER
2023-03-27 23:04:45,587 - player - INFO - PLAYER initialized player at t = 0.
2023-03-27 23:04:47,354 - player - INFO - Resetting the player's environment.
2023-03-27 23:04:47,356 - player - INFO - PLAYER reset at t = 0.
2023-03-27 23:04:47,561 - player - INFO - Resetting the player's environment.
2023-03-27 23:04:47,562 - player - INFO - PLAYER reset at t = 0.
2023-03-27 23:07:06,787 - player - INFO - Welcome PLAYER
2023-03-27 23:07:06,961 - player - INFO - PLAYER initialized player at t = 0.
2023-03-27 23:07:08,667 - player - INFO - Resetting the player's environment.
2023-03-27 23:07:08,669 - player - INFO - PLAYER reset at t = 0.
2023-03-27 23:07:08,874 - player - INFO - Resetting the player's environment.
2023-03-27 23:07:08,876 - player - INFO - PLAYER reset at t = 0.
2023-03-27 23:08:06,926 - player - INFO - Welcome PLAYER
2023-03-27 23:08:07,105 - player - INFO - PLAYER initialized player at t = 0.
2023-03-27 23:08:08,896 - player - INFO - Resetting the player's environment.
2023-03-27 23:08:08,898 - player - INFO - PLAYER reset at t = 0.
2023-03-27 23:08:09,106 - player - INFO - Resetting the player's environment.
2023-03-27 23:08:09,107 - player - INFO - PLAYER reset at t = 0.
2023-03-27 23:10:40,858 - player - INFO - Welcome PLAYER
2023-03-27 23:10:41,039 - player - INFO - PLAYER initialized player at t = 0.
2023-03-27 23:10:42,830 - player - INFO - Resetting the player's environment.
2023-03-27 23:10:42,831 - player - INFO - PLAYER reset at t = 0.
2023-03-27 23:10:43,037 - player - INFO - Resetting the player's environment.
2023-03-27 23:10:43,039 - player - INFO - PLAYER reset at t = 0.
2023-03-27 23:12:03,744 - player - INFO - Welcome PLAYER
2023-03-27 23:12:03,923 - player - INFO - PLAYER initialized player at t = 0.
2023-03-27 23:12:05,692 - player - INFO - Resetting the player's environment.
2023-03-27 23:12:05,694 - player - INFO - PLAYER reset at t = 0.
2023-03-27 23:12:05,902 - player - INFO - Resetting the player's environment.
2023-03-27 23:12:05,904 - player - INFO - PLAYER reset at t = 0.
2023-03-27 23:15:54,939 - player - INFO - Welcome PLAYER
2023-03-27 23:15:55,121 - player - INFO - PLAYER initialized player at t = 0.
2023-03-27 23:15:56,914 - player - INFO - Resetting the player's environment.
2023-03-27 23:15:56,916 - player - INFO - PLAYER reset at t = 0.
2023-03-27 23:15:57,124 - player - INFO - Resetting the player's environment.
2023-03-27 23:15:57,126 - player - INFO - PLAYER reset at t = 0.
2023-03-27 23:18:07,052 - player - INFO - Welcome PLAYER
2023-03-27 23:18:07,228 - player - INFO - PLAYER initialized player at t = 0.
2023-03-27 23:18:09,014 - player - INFO - Resetting the player's environment.
2023-03-27 23:18:09,016 - player - INFO - PLAYER reset at t = 0.
2023-03-27 23:18:09,222 - player - INFO - Resetting the player's environment.
2023-03-27 23:18:09,223 - player - INFO - PLAYER reset at t = 0.
2023-03-27 23:18:50,273 - player - INFO - Welcome PLAYER
2023-03-27 23:18:50,440 - player - INFO - PLAYER initialized player at t = 0.
2023-03-27 23:18:52,150 - player - INFO - Resetting the player's environment.
2023-03-27 23:18:52,151 - player - INFO - PLAYER reset at t = 0.
2023-03-27 23:18:52,348 - player - INFO - Resetting the player's environment.
2023-03-27 23:18:52,350 - player - INFO - PLAYER reset at t = 0.
2023-03-27 23:20:52,875 - player - INFO - Welcome PLAYER
2023-03-27 23:20:53,059 - player - INFO - PLAYER initialized player at t = 0.
2023-03-27 23:20:54,854 - player - INFO - Resetting the player's environment.
2023-03-27 23:20:54,856 - player - INFO - PLAYER reset at t = 0.
2023-03-27 23:20:55,065 - player - INFO - Resetting the player's environment.
2023-03-27 23:20:55,066 - player - INFO - PLAYER reset at t = 0.
2023-03-27 23:21:59,767 - player - INFO - Welcome PLAYER
2023-03-27 23:21:59,948 - player - INFO - PLAYER initialized player at t = 0.
2023-03-27 23:22:01,747 - player - INFO - Resetting the player's environment.
2023-03-27 23:22:01,748 - player - INFO - PLAYER reset at t = 0.
2023-03-27 23:22:01,950 - player - INFO - Resetting the player's environment.
2023-03-27 23:22:01,952 - player - INFO - PLAYER reset at t = 0.
2023-03-27 23:22:02,172 - player - INFO - PLAYER updated at t = 1.
2023-03-27 23:22:05,174 - player - INFO - PLAYER updated at t = 2.
2023-03-27 23:22:06,878 - player - INFO - PLAYER updated at t = 3.
2023-03-27 23:22:08,637 - player - INFO - PLAYER updated at t = 4.
2023-03-27 23:22:10,325 - player - INFO - PLAYER done at t = 4.
2023-03-27 23:35:41,735 - player - INFO - Welcome PLAYER
2023-03-27 23:35:41,923 - player - INFO - PLAYER initialized player at t = 0.
2023-03-27 23:35:43,711 - player - INFO - Resetting the player's environment.
2023-03-27 23:35:43,713 - player - INFO - PLAYER reset at t = 0.
2023-03-27 23:35:43,935 - player - INFO - Resetting the player's environment.
2023-03-27 23:35:43,936 - player - INFO - PLAYER reset at t = 0.
2023-03-27 23:35:44,161 - player - INFO - PLAYER updated at t = 1.
2023-03-27 23:35:47,167 - player - INFO - PLAYER updated at t = 2.
2023-03-27 23:35:48,853 - player - INFO - PLAYER updated at t = 3.
2023-03-27 23:35:50,635 - player - INFO - PLAYER updated at t = 4.
2023-03-27 23:35:52,364 - player - INFO - PLAYER done at t = 4.
2023-03-27 23:37:26,528 - player - INFO - Welcome PLAYER
2023-03-27 23:37:26,709 - player - INFO - PLAYER initialized player at t = 0.
2023-03-27 23:37:28,467 - player - INFO - Resetting the player's environment.
2023-03-27 23:37:28,469 - player - INFO - PLAYER reset at t = 0.
2023-03-27 23:37:28,679 - player - INFO - Resetting the player's environment.
2023-03-27 23:37:28,680 - player - INFO - PLAYER reset at t = 0.
2023-03-27 23:38:14,851 - player - INFO - Welcome PLAYER
2023-03-27 23:38:15,017 - player - INFO - PLAYER initialized player at t = 0.
2023-03-27 23:38:16,733 - player - INFO - Resetting the player's environment.
2023-03-27 23:38:16,734 - player - INFO - PLAYER reset at t = 0.
2023-03-27 23:38:16,941 - player - INFO - Resetting the player's environment.
2023-03-27 23:38:16,944 - player - INFO - PLAYER reset at t = 0.
2023-03-27 23:39:41,499 - player - INFO - Welcome PLAYER
2023-03-27 23:39:41,683 - player - INFO - PLAYER initialized player at t = 0.
2023-03-27 23:39:43,485 - player - INFO - Resetting the player's environment.
2023-03-27 23:39:43,486 - player - INFO - PLAYER reset at t = 0.
2023-03-27 23:39:43,694 - player - INFO - Resetting the player's environment.
2023-03-27 23:39:43,695 - player - INFO - PLAYER reset at t = 0.
2023-03-27 23:39:43,920 - player - INFO - PLAYER updated at t = 1.
2023-03-27 23:39:46,880 - player - INFO - PLAYER updated at t = 2.
2023-03-27 23:39:48,560 - player - INFO - PLAYER updated at t = 3.
2023-03-27 23:39:50,335 - player - INFO - PLAYER updated at t = 4.
2023-03-27 23:39:52,040 - player - INFO - PLAYER done at t = 4.
